<?xml version="1.0" encoding="UTF-8"?>
<coverage generated="1679911924408" clover="3.2.0">
  <project timestamp="1679911924409" name="All files">
    <metrics statements="307" coveredstatements="212" conditionals="137" coveredconditionals="94" methods="119" coveredmethods="66" elements="563" coveredelements="372" complexity="0" loc="307" ncloc="307" packages="7" files="15" classes="15"/>
    <package name="WarehouseItemVerification">
      <metrics statements="17" coveredstatements="8" conditionals="2" coveredconditionals="0" methods="8" coveredmethods="1"/>
      <file name="App.js" path="C:\Users\Vizz\Desktop\AliProjects\WarehouseItemVerification\App.js">
        <metrics statements="14" coveredstatements="6" conditionals="2" coveredconditionals="0" methods="7" coveredmethods="1"/>
        <line num="23" count="1" type="stmt"/>
        <line num="24" count="1" type="stmt"/>
        <line num="26" count="1" type="stmt"/>
        <line num="27" count="0" type="stmt"/>
        <line num="28" count="0" type="stmt"/>
        <line num="29" count="0" type="stmt"/>
        <line num="49" count="0" type="stmt"/>
        <line num="50" count="0" type="stmt"/>
        <line num="56" count="0" type="stmt"/>
        <line num="57" count="0" type="stmt"/>
        <line num="64" count="1" type="stmt"/>
        <line num="65" count="0" type="stmt"/>
        <line num="76" count="1" type="stmt"/>
        <line num="91" count="1" type="stmt"/>
      </file>
      <file name="fileTransformer.js" path="C:\Users\Vizz\Desktop\AliProjects\WarehouseItemVerification\fileTransformer.js">
        <metrics statements="3" coveredstatements="2" conditionals="0" coveredconditionals="0" methods="1" coveredmethods="0"/>
        <line num="1" count="1" type="stmt"/>
        <line num="3" count="1" type="stmt"/>
        <line num="5" count="0" type="stmt"/>
      </file>
    </package>
    <package name="WarehouseItemVerification.helpers">
      <metrics statements="4" coveredstatements="4" conditionals="1" coveredconditionals="1" methods="1" coveredmethods="1"/>
      <file name="RenderWithRedux.js" path="C:\Users\Vizz\Desktop\AliProjects\WarehouseItemVerification\helpers\RenderWithRedux.js">
        <metrics statements="4" coveredstatements="4" conditionals="1" coveredconditionals="1" methods="1" coveredmethods="1"/>
        <line num="5" count="5" type="stmt"/>
        <line num="7" count="5" type="cond" truecount="1" falsecount="0"/>
        <line num="8" count="17" type="stmt"/>
        <line num="10" count="17" type="stmt"/>
      </file>
    </package>
    <package name="WarehouseItemVerification.src.components">
      <metrics statements="37" coveredstatements="34" conditionals="32" coveredconditionals="31" methods="13" coveredmethods="11"/>
      <file name="ItemComponent.js" path="C:\Users\Vizz\Desktop\AliProjects\WarehouseItemVerification\src\components\ItemComponent.js">
        <metrics statements="33" coveredstatements="31" conditionals="28" coveredconditionals="27" methods="11" coveredmethods="10"/>
        <line num="19" count="3" type="stmt"/>
        <line num="20" count="46" type="stmt"/>
        <line num="21" count="46" type="stmt"/>
        <line num="22" count="46" type="stmt"/>
        <line num="23" count="46" type="stmt"/>
        <line num="24" count="46" type="stmt"/>
        <line num="25" count="46" type="stmt"/>
        <line num="26" count="46" type="stmt"/>
        <line num="28" count="46" type="stmt"/>
        <line num="29" count="1" type="stmt"/>
        <line num="30" count="1" type="stmt"/>
        <line num="31" count="4" type="cond" truecount="2" falsecount="0"/>
        <line num="32" count="1" type="stmt"/>
        <line num="34" count="3" type="stmt"/>
        <line num="37" count="1" type="stmt"/>
        <line num="38" count="1" type="stmt"/>
        <line num="39" count="1" type="stmt"/>
        <line num="42" count="46" type="stmt"/>
        <line num="43" count="19" type="stmt"/>
        <line num="46" count="46" type="stmt"/>
        <line num="47" count="1" type="stmt"/>
        <line num="48" count="1" type="stmt"/>
        <line num="59" count="1" type="stmt"/>
        <line num="60" count="1" type="cond" truecount="1" falsecount="1"/>
        <line num="61" count="1" type="stmt"/>
        <line num="63" count="0" type="stmt"/>
        <line num="65" count="1" type="stmt"/>
        <line num="67" count="0" type="stmt"/>
        <line num="70" count="46" type="stmt"/>
        <line num="86" count="4" type="stmt"/>
        <line num="164" count="3" type="stmt"/>
        <line num="165" count="3" type="stmt"/>
        <line num="194" count="3" type="cond" truecount="2" falsecount="0"/>
      </file>
      <file name="OrderComponent.js" path="C:\Users\Vizz\Desktop\AliProjects\WarehouseItemVerification\src\components\OrderComponent.js">
        <metrics statements="4" coveredstatements="3" conditionals="4" coveredconditionals="4" methods="2" coveredmethods="1"/>
        <line num="6" count="4" type="stmt"/>
        <line num="7" count="11" type="stmt"/>
        <line num="11" count="0" type="stmt"/>
        <line num="32" count="4" type="stmt"/>
      </file>
    </package>
    <package name="WarehouseItemVerification.src.screens">
      <metrics statements="232" coveredstatements="153" conditionals="97" coveredconditionals="60" methods="91" coveredmethods="48"/>
      <file name="Home.js" path="C:\Users\Vizz\Desktop\AliProjects\WarehouseItemVerification\src\screens\Home.js">
        <metrics statements="54" coveredstatements="40" conditionals="22" coveredconditionals="17" methods="24" coveredmethods="14"/>
        <line num="18" count="2" type="stmt"/>
        <line num="19" count="12" type="stmt"/>
        <line num="20" count="12" type="stmt"/>
        <line num="21" count="12" type="stmt"/>
        <line num="22" count="12" type="stmt"/>
        <line num="23" count="12" type="stmt"/>
        <line num="24" count="12" type="stmt"/>
        <line num="25" count="12" type="stmt"/>
        <line num="26" count="12" type="stmt"/>
        <line num="27" count="12" type="stmt"/>
        <line num="29" count="12" type="stmt"/>
        <line num="30" count="3" type="cond" truecount="1" falsecount="1"/>
        <line num="32" count="3" type="cond" truecount="1" falsecount="1"/>
        <line num="33" count="3" type="stmt"/>
        <line num="35" count="0" type="stmt"/>
        <line num="37" count="3" type="stmt"/>
        <line num="45" count="3" type="stmt"/>
        <line num="47" count="3" type="cond" truecount="2" falsecount="0"/>
        <line num="48" count="2" type="cond" truecount="1" falsecount="1"/>
        <line num="49" count="2" type="stmt"/>
        <line num="51" count="0" type="stmt"/>
        <line num="52" count="0" type="stmt"/>
        <line num="55" count="3" type="stmt"/>
        <line num="56" count="3" type="stmt"/>
        <line num="58" count="0" type="stmt"/>
        <line num="61" count="12" type="stmt"/>
        <line num="62" count="0" type="stmt"/>
        <line num="70" count="0" type="stmt"/>
        <line num="72" count="0" type="stmt"/>
        <line num="74" count="0" type="stmt"/>
        <line num="77" count="12" type="stmt"/>
        <line num="78" count="4" type="stmt"/>
        <line num="83" count="4" type="stmt"/>
        <line num="85" count="4" type="stmt"/>
        <line num="87" count="0" type="stmt"/>
        <line num="90" count="12" type="stmt"/>
        <line num="91" count="0" type="stmt"/>
        <line num="94" count="12" type="stmt"/>
        <line num="95" count="2" type="cond" truecount="2" falsecount="0"/>
        <line num="117" count="12" type="stmt"/>
        <line num="118" count="7" type="cond" truecount="2" falsecount="0"/>
        <line num="119" count="3" type="stmt"/>
        <line num="120" count="3" type="stmt"/>
        <line num="124" count="12" type="stmt"/>
        <line num="125" count="4" type="stmt"/>
        <line num="128" count="12" type="stmt"/>
        <line num="129" count="4" type="cond" truecount="1" falsecount="1"/>
        <line num="130" count="0" type="stmt"/>
        <line num="134" count="12" type="stmt"/>
        <line num="162" count="0" type="stmt"/>
        <line num="163" count="0" type="stmt"/>
        <line num="177" count="1" type="stmt"/>
        <line num="205" count="0" type="stmt"/>
        <line num="207" count="4" type="cond" truecount="2" falsecount="0"/>
      </file>
      <file name="Login.js" path="C:\Users\Vizz\Desktop\AliProjects\WarehouseItemVerification\src\screens\Login.js">
        <metrics statements="27" coveredstatements="22" conditionals="6" coveredconditionals="6" methods="13" coveredmethods="8"/>
        <line num="15" count="6" type="stmt"/>
        <line num="16" count="6" type="stmt"/>
        <line num="17" count="6" type="stmt"/>
        <line num="18" count="6" type="stmt"/>
        <line num="19" count="6" type="stmt"/>
        <line num="20" count="6" type="stmt"/>
        <line num="22" count="6" type="stmt"/>
        <line num="23" count="4" type="cond" truecount="2" falsecount="0"/>
        <line num="24" count="1" type="stmt"/>
        <line num="28" count="6" type="stmt"/>
        <line num="29" count="2" type="stmt"/>
        <line num="30" count="2" type="stmt"/>
        <line num="31" count="2" type="stmt"/>
        <line num="32" count="2" type="stmt"/>
        <line num="39" count="2" type="stmt"/>
        <line num="41" count="2" type="cond" truecount="2" falsecount="0"/>
        <line num="42" count="1" type="stmt"/>
        <line num="46" count="1" type="stmt"/>
        <line num="49" count="0" type="stmt"/>
        <line num="52" count="6" type="stmt"/>
        <line num="58" count="0" type="stmt"/>
        <line num="92" count="1" type="stmt"/>
        <line num="95" count="0" type="stmt"/>
        <line num="99" count="0" type="stmt"/>
        <line num="102" count="0" type="stmt"/>
        <line num="107" count="2" type="stmt"/>
        <line num="117" count="2" type="stmt"/>
      </file>
      <file name="OrderDetail.js" path="C:\Users\Vizz\Desktop\AliProjects\WarehouseItemVerification\src\screens\OrderDetail.js">
        <metrics statements="79" coveredstatements="65" conditionals="33" coveredconditionals="27" methods="26" coveredmethods="17"/>
        <line num="16" count="2" type="stmt"/>
        <line num="17" count="17" type="stmt"/>
        <line num="18" count="17" type="stmt"/>
        <line num="19" count="17" type="cond" truecount="1" falsecount="1"/>
        <line num="22" count="17" type="stmt"/>
        <line num="23" count="17" type="stmt"/>
        <line num="24" count="17" type="stmt"/>
        <line num="25" count="17" type="stmt"/>
        <line num="26" count="17" type="stmt"/>
        <line num="27" count="17" type="stmt"/>
        <line num="28" count="17" type="stmt"/>
        <line num="29" count="17" type="stmt"/>
        <line num="30" count="17" type="stmt"/>
        <line num="31" count="17" type="stmt"/>
        <line num="32" count="17" type="stmt"/>
        <line num="33" count="17" type="stmt"/>
        <line num="34" count="17" type="stmt"/>
        <line num="35" count="17" type="stmt"/>
        <line num="37" count="17" type="stmt"/>
        <line num="38" count="2" type="cond" truecount="2" falsecount="0"/>
        <line num="39" count="1" type="stmt"/>
        <line num="40" count="1" type="stmt"/>
        <line num="41" count="1" type="stmt"/>
        <line num="42" count="1" type="stmt"/>
        <line num="43" count="1" type="stmt"/>
        <line num="45" count="1" type="stmt"/>
        <line num="49" count="17" type="stmt"/>
        <line num="50" count="1" type="stmt"/>
        <line num="51" count="1" type="stmt"/>
        <line num="54" count="17" type="stmt"/>
        <line num="55" count="4" type="stmt"/>
        <line num="61" count="4" type="stmt"/>
        <line num="63" count="4" type="cond" truecount="1" falsecount="1"/>
        <line num="64" count="4" type="stmt"/>
        <line num="66" count="0" type="stmt"/>
        <line num="68" count="4" type="stmt"/>
        <line num="71" count="0" type="stmt"/>
        <line num="75" count="17" type="stmt"/>
        <line num="76" count="1" type="stmt"/>
        <line num="77" count="1" type="stmt"/>
        <line num="91" count="1" type="stmt"/>
        <line num="93" count="1" type="cond" truecount="1" falsecount="1"/>
        <line num="94" count="1" type="stmt"/>
        <line num="96" count="0" type="stmt"/>
        <line num="98" count="1" type="stmt"/>
        <line num="101" count="0" type="stmt"/>
        <line num="102" count="0" type="stmt"/>
        <line num="103" count="0" type="stmt"/>
        <line num="107" count="17" type="stmt"/>
        <line num="108" count="17" type="cond" truecount="2" falsecount="0"/>
        <line num="109" count="4" type="stmt"/>
        <line num="113" count="17" type="stmt"/>
        <line num="115" count="4" type="stmt"/>
        <line num="116" count="4" type="stmt"/>
        <line num="117" count="0" type="stmt"/>
        <line num="119" count="4" type="stmt"/>
        <line num="122" count="17" type="stmt"/>
        <line num="123" count="9" type="stmt"/>
        <line num="124" count="9" type="stmt"/>
        <line num="125" count="9" type="stmt"/>
        <line num="126" count="9" type="stmt"/>
        <line num="127" count="20" type="cond" truecount="4" falsecount="0"/>
        <line num="128" count="1" type="stmt"/>
        <line num="129" count="1" type="stmt"/>
        <line num="132" count="9" type="stmt"/>
        <line num="136" count="17" type="stmt"/>
        <line num="137" count="0" type="stmt"/>
        <line num="140" count="17" type="stmt"/>
        <line num="141" count="1" type="stmt"/>
        <line num="145" count="17" type="stmt"/>
        <line num="146" count="0" type="stmt"/>
        <line num="147" count="0" type="stmt"/>
        <line num="150" count="17" type="cond" truecount="2" falsecount="0"/>
        <line num="175" count="0" type="stmt"/>
        <line num="193" count="0" type="stmt"/>
        <line num="231" count="3" type="stmt"/>
        <line num="259" count="36" type="stmt"/>
        <line num="286" count="0" type="stmt"/>
        <line num="326" count="0" type="stmt"/>
      </file>
      <file name="ScanItem.js" path="C:\Users\Vizz\Desktop\AliProjects\WarehouseItemVerification\src\screens\ScanItem.js">
        <metrics statements="27" coveredstatements="1" conditionals="22" coveredconditionals="0" methods="9" coveredmethods="0"/>
        <line num="17" count="1" type="stmt"/>
        <line num="18" count="0" type="stmt"/>
        <line num="19" count="0" type="stmt"/>
        <line num="20" count="0" type="stmt"/>
        <line num="21" count="0" type="stmt"/>
        <line num="22" count="0" type="stmt"/>
        <line num="23" count="0" type="stmt"/>
        <line num="24" count="0" type="stmt"/>
        <line num="26" count="0" type="stmt"/>
        <line num="27" count="0" type="stmt"/>
        <line num="28" count="0" type="stmt"/>
        <line num="29" count="0" type="cond" truecount="0" falsecount="2"/>
        <line num="30" count="0" type="stmt"/>
        <line num="32" count="0" type="stmt"/>
        <line num="36" count="0" type="stmt"/>
        <line num="37" count="0" type="stmt"/>
        <line num="38" count="0" type="stmt"/>
        <line num="49" count="0" type="stmt"/>
        <line num="50" count="0" type="cond" truecount="0" falsecount="2"/>
        <line num="51" count="0" type="stmt"/>
        <line num="53" count="0" type="stmt"/>
        <line num="55" count="0" type="stmt"/>
        <line num="57" count="0" type="stmt"/>
        <line num="60" count="0" type="stmt"/>
        <line num="115" count="0" type="stmt"/>
        <line num="116" count="0" type="stmt"/>
        <line num="142" count="0" type="cond" truecount="0" falsecount="2"/>
      </file>
      <file name="ScanOrder.js" path="C:\Users\Vizz\Desktop\AliProjects\WarehouseItemVerification\src\screens\ScanOrder.js">
        <metrics statements="17" coveredstatements="1" conditionals="2" coveredconditionals="0" methods="8" coveredmethods="0"/>
        <line num="7" count="1" type="stmt"/>
        <line num="8" count="0" type="stmt"/>
        <line num="10" count="0" type="stmt"/>
        <line num="11" count="0" type="stmt"/>
        <line num="16" count="0" type="stmt"/>
        <line num="18" count="0" type="stmt"/>
        <line num="20" count="0" type="stmt"/>
        <line num="21" count="0" type="stmt"/>
        <line num="24" count="0" type="stmt"/>
        <line num="25" count="0" type="stmt"/>
        <line num="26" count="0" type="cond" truecount="0" falsecount="2"/>
        <line num="27" count="0" type="stmt"/>
        <line num="28" count="0" type="stmt"/>
        <line num="33" count="0" type="stmt"/>
        <line num="34" count="0" type="stmt"/>
        <line num="35" count="0" type="stmt"/>
        <line num="39" count="0" type="stmt"/>
      </file>
      <file name="VerifiedOrders.js" path="C:\Users\Vizz\Desktop\AliProjects\WarehouseItemVerification\src\screens\VerifiedOrders.js">
        <metrics statements="28" coveredstatements="24" conditionals="12" coveredconditionals="10" methods="11" coveredmethods="9"/>
        <line num="15" count="2" type="stmt"/>
        <line num="16" count="9" type="stmt"/>
        <line num="17" count="9" type="stmt"/>
        <line num="18" count="9" type="stmt"/>
        <line num="19" count="9" type="stmt"/>
        <line num="21" count="9" type="stmt"/>
        <line num="22" count="4" type="cond" truecount="1" falsecount="1"/>
        <line num="24" count="4" type="cond" truecount="2" falsecount="0"/>
        <line num="25" count="3" type="stmt"/>
        <line num="27" count="4" type="stmt"/>
        <line num="32" count="4" type="stmt"/>
        <line num="34" count="4" type="cond" truecount="2" falsecount="0"/>
        <line num="35" count="2" type="cond" truecount="1" falsecount="1"/>
        <line num="36" count="2" type="stmt"/>
        <line num="38" count="0" type="stmt"/>
        <line num="39" count="0" type="stmt"/>
        <line num="42" count="4" type="stmt"/>
        <line num="44" count="0" type="stmt"/>
        <line num="47" count="9" type="stmt"/>
        <line num="48" count="1" type="stmt"/>
        <line num="51" count="9" type="stmt"/>
        <line num="52" count="3" type="stmt"/>
        <line num="53" count="3" type="stmt"/>
        <line num="56" count="9" type="cond" truecount="2" falsecount="0"/>
        <line num="69" count="1" type="stmt"/>
        <line num="72" count="6" type="stmt"/>
        <line num="75" count="0" type="stmt"/>
        <line num="93" count="2" type="stmt"/>
      </file>
    </package>
    <package name="WarehouseItemVerification.src.state">
      <metrics statements="5" coveredstatements="5" conditionals="0" coveredconditionals="0" methods="2" coveredmethods="2"/>
      <file name="store.js" path="C:\Users\Vizz\Desktop\AliProjects\WarehouseItemVerification\src\state\store.js">
        <metrics statements="5" coveredstatements="5" conditionals="0" coveredconditionals="0" methods="2" coveredmethods="2"/>
        <line num="7" count="1" type="stmt"/>
        <line num="12" count="1" type="stmt"/>
        <line num="17" count="1" type="stmt"/>
        <line num="20" count="1" type="stmt"/>
        <line num="26" count="1" type="stmt"/>
      </file>
    </package>
    <package name="WarehouseItemVerification.src.state.actions">
      <metrics statements="6" coveredstatements="5" conditionals="0" coveredconditionals="0" methods="3" coveredmethods="2"/>
      <file name="userActions.js" path="C:\Users\Vizz\Desktop\AliProjects\WarehouseItemVerification\src\state\actions\userActions.js">
        <metrics statements="6" coveredstatements="5" conditionals="0" coveredconditionals="0" methods="3" coveredmethods="2"/>
        <line num="1" count="5" type="stmt"/>
        <line num="2" count="5" type="stmt"/>
        <line num="3" count="5" type="stmt"/>
        <line num="6" count="1" type="stmt"/>
        <line num="13" count="4" type="stmt"/>
        <line num="20" count="0" type="stmt"/>
      </file>
    </package>
    <package name="WarehouseItemVerification.src.state.reducers">
      <metrics statements="6" coveredstatements="3" conditionals="5" coveredconditionals="2" methods="1" coveredmethods="1"/>
      <file name="index.js" path="C:\Users\Vizz\Desktop\AliProjects\WarehouseItemVerification\src\state\reducers\index.js">
        <metrics statements="0" coveredstatements="0" conditionals="0" coveredconditionals="0" methods="0" coveredmethods="0"/>
      </file>
      <file name="userReducer.js" path="C:\Users\Vizz\Desktop\AliProjects\WarehouseItemVerification\src\state\reducers\userReducer.js">
        <metrics statements="6" coveredstatements="3" conditionals="5" coveredconditionals="2" methods="1" coveredmethods="1"/>
        <line num="4" count="1" type="stmt"/>
        <line num="10" count="3" type="cond" truecount="1" falsecount="3"/>
        <line num="12" count="0" type="stmt"/>
        <line num="23" count="0" type="stmt"/>
        <line num="32" count="0" type="stmt"/>
        <line num="38" count="3" type="stmt"/>
      </file>
    </package>
  </project>
</coverage>
