{"C:\\Users\\Vizz\\Desktop\\AliProjects\\WarehouseItemVerification\\App.js": {"path":"C:\\Users\\Vizz\\Desktop\\AliProjects\\WarehouseItemVerification\\App.js","statementMap":{"0":{"start":{"line":23,"column":14},"end":{"line":23,"column":36}},"1":{"start":{"line":24,"column":15},"end":{"line":24,"column":38}},"2":{"start":{"line":26,"column":18},"end":{"line":46,"column":1}},"3":{"start":{"line":27,"column":17},"end":{"line":27,"column":49}},"4":{"start":{"line":27,"column":38},"end":{"line":27,"column":48}},"5":{"start":{"line":28,"column":18},"end":{"line":28,"column":22}},"6":{"start":{"line":29,"column":2},"end":{"line":45,"column":4}},"7":{"start":{"line":49,"column":19},"end":{"line":49,"column":32}},"8":{"start":{"line":50,"column":2},"end":{"line":61,"column":4}},"9":{"start":{"line":56,"column":10},"end":{"line":56,"column":61}},"10":{"start":{"line":57,"column":10},"end":{"line":57,"column":44}},"11":{"start":{"line":64,"column":18},"end":{"line":73,"column":1}},"12":{"start":{"line":65,"column":2},"end":{"line":72,"column":21}},"13":{"start":{"line":65,"column":44},"end":{"line":65,"column":78}},"14":{"start":{"line":76,"column":2},"end":{"line":88,"column":4}},"15":{"start":{"line":91,"column":15},"end":{"line":95,"column":2}}},"fnMap":{"0":{"name":"(anonymous_0)","decl":{"start":{"line":26,"column":18},"end":{"line":26,"column":19}},"loc":{"start":{"line":26,"column":24},"end":{"line":46,"column":1}},"line":26},"1":{"name":"(anonymous_1)","decl":{"start":{"line":27,"column":29},"end":{"line":27,"column":30}},"loc":{"start":{"line":27,"column":38},"end":{"line":27,"column":48}},"line":27},"2":{"name":"CustomDrawerContent","decl":{"start":{"line":48,"column":9},"end":{"line":48,"column":28}},"loc":{"start":{"line":48,"column":36},"end":{"line":62,"column":1}},"line":48},"3":{"name":"(anonymous_3)","decl":{"start":{"line":55,"column":17},"end":{"line":55,"column":18}},"loc":{"start":{"line":55,"column":23},"end":{"line":58,"column":9}},"line":55},"4":{"name":"(anonymous_4)","decl":{"start":{"line":64,"column":18},"end":{"line":64,"column":19}},"loc":{"start":{"line":65,"column":2},"end":{"line":72,"column":21}},"line":65},"5":{"name":"(anonymous_5)","decl":{"start":{"line":65,"column":35},"end":{"line":65,"column":36}},"loc":{"start":{"line":65,"column":44},"end":{"line":65,"column":78}},"line":65},"6":{"name":"App","decl":{"start":{"line":75,"column":24},"end":{"line":75,"column":27}},"loc":{"start":{"line":75,"column":30},"end":{"line":89,"column":1}},"line":75}},"branchMap":{"0":{"loc":{"start":{"line":30,"column":39},"end":{"line":30,"column":63}},"type":"cond-expr","locations":[{"start":{"line":30,"column":47},"end":{"line":30,"column":53}},{"start":{"line":30,"column":56},"end":{"line":30,"column":63}}],"line":30}},"s":{"0":1,"1":1,"2":1,"3":0,"4":0,"5":0,"6":0,"7":0,"8":0,"9":0,"10":0,"11":1,"12":0,"13":0,"14":1,"15":1},"f":{"0":0,"1":0,"2":0,"3":0,"4":0,"5":0,"6":1},"b":{"0":[0,0]},"_coverageSchema":"1a1c01bbd47fc00a2c39e90264f33305004495a9","hash":"af5acf021f08bc5e22b0883dc45b970d1dc27d3a"}
,"C:\\Users\\Vizz\\Desktop\\AliProjects\\WarehouseItemVerification\\fileTransformer.js": {"path":"C:\\Users\\Vizz\\Desktop\\AliProjects\\WarehouseItemVerification\\fileTransformer.js","statementMap":{"0":{"start":{"line":1,"column":13},"end":{"line":1,"column":28}},"1":{"start":{"line":3,"column":0},"end":{"line":9,"column":2}},"2":{"start":{"line":5,"column":4},"end":{"line":7,"column":6}}},"fnMap":{"0":{"name":"(anonymous_0)","decl":{"start":{"line":4,"column":2},"end":{"line":4,"column":3}},"loc":{"start":{"line":4,"column":43},"end":{"line":8,"column":3}},"line":4}},"branchMap":{},"s":{"0":1,"1":1,"2":0},"f":{"0":0},"b":{},"_coverageSchema":"1a1c01bbd47fc00a2c39e90264f33305004495a9","hash":"a60f38abf1d7437fa8430cfc89b8e44fd1c21e85"}
,"C:\\Users\\Vizz\\Desktop\\AliProjects\\WarehouseItemVerification\\helpers\\RenderWithRedux.js": {"path":"C:\\Users\\Vizz\\Desktop\\AliProjects\\WarehouseItemVerification\\helpers\\RenderWithRedux.js","statementMap":{"0":{"start":{"line":5,"column":18},"end":{"line":5,"column":34}},"1":{"start":{"line":7,"column":24},"end":{"line":15,"column":1}},"2":{"start":{"line":8,"column":16},"end":{"line":8,"column":39}},"3":{"start":{"line":10,"column":2},"end":{"line":14,"column":4}}},"fnMap":{"0":{"name":"(anonymous_0)","decl":{"start":{"line":7,"column":24},"end":{"line":7,"column":25}},"loc":{"start":{"line":7,"column":65},"end":{"line":15,"column":1}},"line":7}},"branchMap":{"0":{"loc":{"start":{"line":7,"column":50},"end":{"line":7,"column":60}},"type":"default-arg","locations":[{"start":{"line":7,"column":58},"end":{"line":7,"column":60}}],"line":7}},"s":{"0":5,"1":5,"2":17,"3":17},"f":{"0":17},"b":{"0":[6]},"_coverageSchema":"1a1c01bbd47fc00a2c39e90264f33305004495a9","hash":"72114c5dd518413eec6a9f9be06cb0de4523f179"}
,"C:\\Users\\Vizz\\Desktop\\AliProjects\\WarehouseItemVerification\\src\\components\\ItemComponent.js": {"path":"C:\\Users\\Vizz\\Desktop\\AliProjects\\WarehouseItemVerification\\src\\components\\ItemComponent.js","statementMap":{"0":{"start":{"line":19,"column":22},"end":{"line":217,"column":1}},"1":{"start":{"line":20,"column":21},"end":{"line":20,"column":35}},"2":{"start":{"line":21,"column":19},"end":{"line":21,"column":32}},"3":{"start":{"line":22,"column":25},"end":{"line":22,"column":57}},"4":{"start":{"line":22,"column":46},"end":{"line":22,"column":56}},"5":{"start":{"line":23,"column":26},"end":{"line":23,"column":46}},"6":{"start":{"line":24,"column":34},"end":{"line":24,"column":46}},"7":{"start":{"line":25,"column":36},"end":{"line":25,"column":51}},"8":{"start":{"line":26,"column":32},"end":{"line":26,"column":47}},"9":{"start":{"line":28,"column":22},"end":{"line":40,"column":3}},"10":{"start":{"line":29,"column":18},"end":{"line":29,"column":29}},"11":{"start":{"line":30,"column":19},"end":{"line":36,"column":6}},"12":{"start":{"line":31,"column":6},"end":{"line":35,"column":7}},"13":{"start":{"line":32,"column":8},"end":{"line":32,"column":70}},"14":{"start":{"line":34,"column":8},"end":{"line":34,"column":20}},"15":{"start":{"line":37,"column":21},"end":{"line":37,"column":47}},"16":{"start":{"line":38,"column":4},"end":{"line":38,"column":29}},"17":{"start":{"line":39,"column":4},"end":{"line":39,"column":31}},"18":{"start":{"line":42,"column":2},"end":{"line":44,"column":19}},"19":{"start":{"line":43,"column":4},"end":{"line":43,"column":24}},"20":{"start":{"line":46,"column":21},"end":{"line":68,"column":3}},"21":{"start":{"line":47,"column":4},"end":{"line":47,"column":21}},"22":{"start":{"line":48,"column":4},"end":{"line":67,"column":38}},"23":{"start":{"line":59,"column":21},"end":{"line":59,"column":37}},"24":{"start":{"line":60,"column":8},"end":{"line":64,"column":9}},"25":{"start":{"line":61,"column":10},"end":{"line":61,"column":24}},"26":{"start":{"line":63,"column":10},"end":{"line":63,"column":28}},"27":{"start":{"line":65,"column":8},"end":{"line":65,"column":26}},"28":{"start":{"line":67,"column":20},"end":{"line":67,"column":36}},"29":{"start":{"line":70,"column":2},"end":{"line":216,"column":4}},"30":{"start":{"line":86,"column":21},"end":{"line":86,"column":46}},"31":{"start":{"line":164,"column":16},"end":{"line":164,"column":34}},"32":{"start":{"line":165,"column":16},"end":{"line":165,"column":35}},"33":{"start":{"line":194,"column":14},"end":{"line":198,"column":31}}},"fnMap":{"0":{"name":"(anonymous_0)","decl":{"start":{"line":19,"column":22},"end":{"line":19,"column":23}},"loc":{"start":{"line":19,"column":31},"end":{"line":217,"column":1}},"line":19},"1":{"name":"(anonymous_1)","decl":{"start":{"line":22,"column":37},"end":{"line":22,"column":38}},"loc":{"start":{"line":22,"column":46},"end":{"line":22,"column":56}},"line":22},"2":{"name":"(anonymous_2)","decl":{"start":{"line":28,"column":22},"end":{"line":28,"column":23}},"loc":{"start":{"line":28,"column":28},"end":{"line":40,"column":3}},"line":28},"3":{"name":"(anonymous_3)","decl":{"start":{"line":30,"column":34},"end":{"line":30,"column":35}},"loc":{"start":{"line":30,"column":42},"end":{"line":36,"column":5}},"line":30},"4":{"name":"(anonymous_4)","decl":{"start":{"line":42,"column":12},"end":{"line":42,"column":13}},"loc":{"start":{"line":42,"column":18},"end":{"line":44,"column":3}},"line":42},"5":{"name":"(anonymous_5)","decl":{"start":{"line":46,"column":21},"end":{"line":46,"column":22}},"loc":{"start":{"line":46,"column":27},"end":{"line":68,"column":3}},"line":46},"6":{"name":"(anonymous_6)","decl":{"start":{"line":58,"column":12},"end":{"line":58,"column":13}},"loc":{"start":{"line":58,"column":25},"end":{"line":66,"column":7}},"line":58},"7":{"name":"(anonymous_7)","decl":{"start":{"line":67,"column":13},"end":{"line":67,"column":14}},"loc":{"start":{"line":67,"column":20},"end":{"line":67,"column":36}},"line":67},"8":{"name":"(anonymous_8)","decl":{"start":{"line":86,"column":15},"end":{"line":86,"column":16}},"loc":{"start":{"line":86,"column":21},"end":{"line":86,"column":46}},"line":86},"9":{"name":"(anonymous_9)","decl":{"start":{"line":163,"column":28},"end":{"line":163,"column":29}},"loc":{"start":{"line":163,"column":36},"end":{"line":166,"column":15}},"line":163},"10":{"name":"(anonymous_10)","decl":{"start":{"line":193,"column":21},"end":{"line":193,"column":22}},"loc":{"start":{"line":193,"column":27},"end":{"line":199,"column":13}},"line":193}},"branchMap":{"0":{"loc":{"start":{"line":31,"column":6},"end":{"line":35,"column":7}},"type":"if","locations":[{"start":{"line":31,"column":6},"end":{"line":35,"column":7}},{"start":{"line":33,"column":13},"end":{"line":35,"column":7}}],"line":31},"1":{"loc":{"start":{"line":60,"column":8},"end":{"line":64,"column":9}},"type":"if","locations":[{"start":{"line":60,"column":8},"end":{"line":64,"column":9}},{"start":{"line":62,"column":15},"end":{"line":64,"column":9}}],"line":60},"2":{"loc":{"start":{"line":110,"column":16},"end":{"line":110,"column":65}},"type":"cond-expr","locations":[{"start":{"line":110,"column":40},"end":{"line":110,"column":52}},{"start":{"line":110,"column":55},"end":{"line":110,"column":65}}],"line":110},"3":{"loc":{"start":{"line":111,"column":17},"end":{"line":111,"column":62}},"type":"cond-expr","locations":[{"start":{"line":111,"column":41},"end":{"line":111,"column":50}},{"start":{"line":111,"column":53},"end":{"line":111,"column":62}}],"line":111},"4":{"loc":{"start":{"line":148,"column":24},"end":{"line":148,"column":69}},"type":"cond-expr","locations":[{"start":{"line":148,"column":44},"end":{"line":148,"column":54}},{"start":{"line":148,"column":57},"end":{"line":148,"column":69}}],"line":148},"5":{"loc":{"start":{"line":149,"column":25},"end":{"line":149,"column":60}},"type":"cond-expr","locations":[{"start":{"line":149,"column":45},"end":{"line":149,"column":52}},{"start":{"line":149,"column":55},"end":{"line":149,"column":60}}],"line":149},"6":{"loc":{"start":{"line":153,"column":23},"end":{"line":153,"column":55}},"type":"cond-expr","locations":[{"start":{"line":153,"column":43},"end":{"line":153,"column":48}},{"start":{"line":153,"column":51},"end":{"line":153,"column":55}}],"line":153},"7":{"loc":{"start":{"line":157,"column":11},"end":{"line":175,"column":11}},"type":"binary-expr","locations":[{"start":{"line":157,"column":11},"end":{"line":157,"column":29}},{"start":{"line":158,"column":12},"end":{"line":174,"column":14}}],"line":157},"8":{"loc":{"start":{"line":176,"column":11},"end":{"line":180,"column":11}},"type":"binary-expr","locations":[{"start":{"line":176,"column":11},"end":{"line":176,"column":20}},{"start":{"line":177,"column":12},"end":{"line":179,"column":19}}],"line":176},"9":{"loc":{"start":{"line":184,"column":31},"end":{"line":184,"column":72}},"type":"cond-expr","locations":[{"start":{"line":184,"column":51},"end":{"line":184,"column":60}},{"start":{"line":184,"column":63},"end":{"line":184,"column":72}}],"line":184},"10":{"loc":{"start":{"line":194,"column":14},"end":{"line":198,"column":30}},"type":"cond-expr","locations":[{"start":{"line":195,"column":18},"end":{"line":195,"column":57}},{"start":{"line":196,"column":18},"end":{"line":198,"column":30}}],"line":194},"11":{"loc":{"start":{"line":196,"column":18},"end":{"line":198,"column":30}},"type":"cond-expr","locations":[{"start":{"line":197,"column":18},"end":{"line":197,"column":74}},{"start":{"line":198,"column":18},"end":{"line":198,"column":30}}],"line":196},"12":{"loc":{"start":{"line":200,"column":13},"end":{"line":211,"column":13}},"type":"cond-expr","locations":[{"start":{"line":201,"column":14},"end":{"line":201,"column":51}},{"start":{"line":203,"column":14},"end":{"line":210,"column":21}}],"line":200},"13":{"loc":{"start":{"line":209,"column":17},"end":{"line":209,"column":58}},"type":"cond-expr","locations":[{"start":{"line":209,"column":37},"end":{"line":209,"column":47}},{"start":{"line":209,"column":50},"end":{"line":209,"column":58}}],"line":209}},"s":{"0":3,"1":46,"2":46,"3":46,"4":46,"5":46,"6":46,"7":46,"8":46,"9":46,"10":1,"11":1,"12":4,"13":1,"14":3,"15":1,"16":1,"17":1,"18":46,"19":19,"20":46,"21":1,"22":1,"23":1,"24":1,"25":1,"26":0,"27":1,"28":0,"29":46,"30":4,"31":3,"32":3,"33":3},"f":{"0":46,"1":46,"2":1,"3":4,"4":19,"5":1,"6":1,"7":0,"8":4,"9":3,"10":3},"b":{"0":[1,3],"1":[1,0],"2":[11,35],"3":[11,35],"4":[35,11],"5":[35,11],"6":[35,11],"7":[46,11],"8":[46,2],"9":[35,11],"10":[1,2],"11":[1,1],"12":[1,45],"13":[35,10]},"_coverageSchema":"1a1c01bbd47fc00a2c39e90264f33305004495a9","hash":"1167a3beb530a1302cf81a8ec31fb4cb8dce21a0"}
,"C:\\Users\\Vizz\\Desktop\\AliProjects\\WarehouseItemVerification\\src\\components\\OrderComponent.js": {"path":"C:\\Users\\Vizz\\Desktop\\AliProjects\\WarehouseItemVerification\\src\\components\\OrderComponent.js","statementMap":{"0":{"start":{"line":6,"column":23},"end":{"line":30,"column":1}},"1":{"start":{"line":7,"column":2},"end":{"line":29,"column":14}},"2":{"start":{"line":11,"column":6},"end":{"line":11,"column":68}},"3":{"start":{"line":32,"column":15},"end":{"line":79,"column":2}}},"fnMap":{"0":{"name":"(anonymous_0)","decl":{"start":{"line":6,"column":23},"end":{"line":6,"column":24}},"loc":{"start":{"line":7,"column":2},"end":{"line":29,"column":14}},"line":7},"1":{"name":"(anonymous_1)","decl":{"start":{"line":10,"column":13},"end":{"line":10,"column":14}},"loc":{"start":{"line":11,"column":6},"end":{"line":11,"column":68}},"line":11}},"branchMap":{"0":{"loc":{"start":{"line":24,"column":14},"end":{"line":24,"column":64}},"type":"cond-expr","locations":[{"start":{"line":24,"column":39},"end":{"line":24,"column":51}},{"start":{"line":24,"column":54},"end":{"line":24,"column":64}}],"line":24},"1":{"loc":{"start":{"line":25,"column":15},"end":{"line":25,"column":61}},"type":"cond-expr","locations":[{"start":{"line":25,"column":40},"end":{"line":25,"column":49}},{"start":{"line":25,"column":52},"end":{"line":25,"column":61}}],"line":25}},"s":{"0":4,"1":11,"2":0,"3":4},"f":{"0":11,"1":0},"b":{"0":[4,7],"1":[4,7]},"_coverageSchema":"1a1c01bbd47fc00a2c39e90264f33305004495a9","hash":"1202e89d0b1804660225b1441de48a2ec2bd11f9"}
,"C:\\Users\\Vizz\\Desktop\\AliProjects\\WarehouseItemVerification\\src\\screens\\Home.js": {"path":"C:\\Users\\Vizz\\Desktop\\AliProjects\\WarehouseItemVerification\\src\\screens\\Home.js","statementMap":{"0":{"start":{"line":18,"column":13},"end":{"line":220,"column":1}},"1":{"start":{"line":19,"column":19},"end":{"line":19,"column":32}},"2":{"start":{"line":20,"column":17},"end":{"line":20,"column":49}},"3":{"start":{"line":20,"column":38},"end":{"line":20,"column":48}},"4":{"start":{"line":21,"column":30},"end":{"line":21,"column":42}},"5":{"start":{"line":22,"column":26},"end":{"line":22,"column":37}},"6":{"start":{"line":23,"column":42},"end":{"line":23,"column":54}},"7":{"start":{"line":24,"column":38},"end":{"line":24,"column":50}},"8":{"start":{"line":25,"column":32},"end":{"line":25,"column":46}},"9":{"start":{"line":26,"column":52},"end":{"line":26,"column":66}},"10":{"start":{"line":27,"column":18},"end":{"line":27,"column":32}},"11":{"start":{"line":29,"column":20},"end":{"line":59,"column":3}},"12":{"start":{"line":30,"column":19},"end":{"line":30,"column":31}},"13":{"start":{"line":32,"column":4},"end":{"line":36,"column":5}},"14":{"start":{"line":33,"column":6},"end":{"line":33,"column":23}},"15":{"start":{"line":35,"column":6},"end":{"line":35,"column":33}},"16":{"start":{"line":37,"column":4},"end":{"line":58,"column":45}},"17":{"start":{"line":45,"column":19},"end":{"line":45,"column":29}},"18":{"start":{"line":47,"column":8},"end":{"line":54,"column":9}},"19":{"start":{"line":48,"column":10},"end":{"line":53,"column":11}},"20":{"start":{"line":49,"column":12},"end":{"line":49,"column":32}},"21":{"start":{"line":51,"column":12},"end":{"line":51,"column":48}},"22":{"start":{"line":52,"column":12},"end":{"line":52,"column":30}},"23":{"start":{"line":55,"column":8},"end":{"line":55,"column":26}},"24":{"start":{"line":56,"column":8},"end":{"line":56,"column":36}},"25":{"start":{"line":58,"column":20},"end":{"line":58,"column":43}},"26":{"start":{"line":61,"column":23},"end":{"line":75,"column":3}},"27":{"start":{"line":62,"column":4},"end":{"line":74,"column":45}},"28":{"start":{"line":70,"column":19},"end":{"line":70,"column":29}},"29":{"start":{"line":72,"column":8},"end":{"line":72,"column":37}},"30":{"start":{"line":74,"column":20},"end":{"line":74,"column":43}},"31":{"start":{"line":77,"column":18},"end":{"line":88,"column":3}},"32":{"start":{"line":78,"column":4},"end":{"line":87,"column":38}},"33":{"start":{"line":83,"column":19},"end":{"line":83,"column":29}},"34":{"start":{"line":85,"column":8},"end":{"line":85,"column":41}},"35":{"start":{"line":87,"column":20},"end":{"line":87,"column":36}},"36":{"start":{"line":90,"column":27},"end":{"line":92,"column":3}},"37":{"start":{"line":91,"column":4},"end":{"line":91,"column":26}},"38":{"start":{"line":94,"column":2},"end":{"line":115,"column":6}},"39":{"start":{"line":95,"column":4},"end":{"line":115,"column":5}},"40":{"start":{"line":117,"column":2},"end":{"line":122,"column":16}},"41":{"start":{"line":118,"column":4},"end":{"line":121,"column":5}},"42":{"start":{"line":119,"column":6},"end":{"line":119,"column":19}},"43":{"start":{"line":120,"column":6},"end":{"line":120,"column":17}},"44":{"start":{"line":124,"column":2},"end":{"line":126,"column":9}},"45":{"start":{"line":125,"column":4},"end":{"line":125,"column":14}},"46":{"start":{"line":128,"column":2},"end":{"line":132,"column":19}},"47":{"start":{"line":129,"column":4},"end":{"line":131,"column":5}},"48":{"start":{"line":130,"column":6},"end":{"line":130,"column":22}},"49":{"start":{"line":134,"column":2},"end":{"line":219,"column":4}},"50":{"start":{"line":162,"column":40},"end":{"line":162,"column":59}},"51":{"start":{"line":163,"column":32},"end":{"line":163,"column":49}},"52":{"start":{"line":177,"column":33},"end":{"line":177,"column":66}},"53":{"start":{"line":205,"column":32},"end":{"line":205,"column":50}},"54":{"start":{"line":207,"column":14},"end":{"line":213,"column":15}}},"fnMap":{"0":{"name":"(anonymous_0)","decl":{"start":{"line":18,"column":13},"end":{"line":18,"column":14}},"loc":{"start":{"line":18,"column":31},"end":{"line":220,"column":1}},"line":18},"1":{"name":"(anonymous_1)","decl":{"start":{"line":20,"column":29},"end":{"line":20,"column":30}},"loc":{"start":{"line":20,"column":38},"end":{"line":20,"column":48}},"line":20},"2":{"name":"(anonymous_2)","decl":{"start":{"line":29,"column":20},"end":{"line":29,"column":21}},"loc":{"start":{"line":29,"column":39},"end":{"line":59,"column":3}},"line":29},"3":{"name":"(anonymous_3)","decl":{"start":{"line":45,"column":12},"end":{"line":45,"column":13}},"loc":{"start":{"line":45,"column":19},"end":{"line":45,"column":29}},"line":45},"4":{"name":"(anonymous_4)","decl":{"start":{"line":46,"column":12},"end":{"line":46,"column":13}},"loc":{"start":{"line":46,"column":19},"end":{"line":57,"column":7}},"line":46},"5":{"name":"(anonymous_5)","decl":{"start":{"line":58,"column":13},"end":{"line":58,"column":14}},"loc":{"start":{"line":58,"column":20},"end":{"line":58,"column":43}},"line":58},"6":{"name":"(anonymous_6)","decl":{"start":{"line":61,"column":23},"end":{"line":61,"column":24}},"loc":{"start":{"line":61,"column":31},"end":{"line":75,"column":3}},"line":61},"7":{"name":"(anonymous_7)","decl":{"start":{"line":70,"column":12},"end":{"line":70,"column":13}},"loc":{"start":{"line":70,"column":19},"end":{"line":70,"column":29}},"line":70},"8":{"name":"(anonymous_8)","decl":{"start":{"line":71,"column":12},"end":{"line":71,"column":13}},"loc":{"start":{"line":71,"column":22},"end":{"line":73,"column":7}},"line":71},"9":{"name":"(anonymous_9)","decl":{"start":{"line":74,"column":13},"end":{"line":74,"column":14}},"loc":{"start":{"line":74,"column":20},"end":{"line":74,"column":43}},"line":74},"10":{"name":"(anonymous_10)","decl":{"start":{"line":77,"column":18},"end":{"line":77,"column":19}},"loc":{"start":{"line":77,"column":30},"end":{"line":88,"column":3}},"line":77},"11":{"name":"(anonymous_11)","decl":{"start":{"line":83,"column":12},"end":{"line":83,"column":13}},"loc":{"start":{"line":83,"column":19},"end":{"line":83,"column":29}},"line":83},"12":{"name":"(anonymous_12)","decl":{"start":{"line":84,"column":12},"end":{"line":84,"column":13}},"loc":{"start":{"line":84,"column":20},"end":{"line":86,"column":7}},"line":84},"13":{"name":"(anonymous_13)","decl":{"start":{"line":87,"column":13},"end":{"line":87,"column":14}},"loc":{"start":{"line":87,"column":20},"end":{"line":87,"column":36}},"line":87},"14":{"name":"(anonymous_14)","decl":{"start":{"line":90,"column":27},"end":{"line":90,"column":28}},"loc":{"start":{"line":90,"column":33},"end":{"line":92,"column":3}},"line":90},"15":{"name":"(anonymous_15)","decl":{"start":{"line":94,"column":23},"end":{"line":94,"column":24}},"loc":{"start":{"line":95,"column":4},"end":{"line":115,"column":5}},"line":95},"16":{"name":"(anonymous_16)","decl":{"start":{"line":117,"column":12},"end":{"line":117,"column":13}},"loc":{"start":{"line":117,"column":18},"end":{"line":122,"column":3}},"line":117},"17":{"name":"(anonymous_17)","decl":{"start":{"line":124,"column":12},"end":{"line":124,"column":13}},"loc":{"start":{"line":124,"column":18},"end":{"line":126,"column":3}},"line":124},"18":{"name":"(anonymous_18)","decl":{"start":{"line":128,"column":12},"end":{"line":128,"column":13}},"loc":{"start":{"line":128,"column":18},"end":{"line":132,"column":3}},"line":128},"19":{"name":"(anonymous_19)","decl":{"start":{"line":162,"column":32},"end":{"line":162,"column":33}},"loc":{"start":{"line":162,"column":40},"end":{"line":162,"column":59}},"line":162},"20":{"name":"(anonymous_20)","decl":{"start":{"line":163,"column":26},"end":{"line":163,"column":27}},"loc":{"start":{"line":163,"column":32},"end":{"line":163,"column":49}},"line":163},"21":{"name":"(anonymous_21)","decl":{"start":{"line":177,"column":27},"end":{"line":177,"column":28}},"loc":{"start":{"line":177,"column":33},"end":{"line":177,"column":66}},"line":177},"22":{"name":"(anonymous_22)","decl":{"start":{"line":205,"column":26},"end":{"line":205,"column":27}},"loc":{"start":{"line":205,"column":32},"end":{"line":205,"column":50}},"line":205},"23":{"name":"(anonymous_23)","decl":{"start":{"line":206,"column":24},"end":{"line":206,"column":25}},"loc":{"start":{"line":207,"column":14},"end":{"line":213,"column":15}},"line":207}},"branchMap":{"0":{"loc":{"start":{"line":30,"column":19},"end":{"line":30,"column":31}},"type":"cond-expr","locations":[{"start":{"line":30,"column":23},"end":{"line":30,"column":24}},{"start":{"line":30,"column":27},"end":{"line":30,"column":31}}],"line":30},"1":{"loc":{"start":{"line":32,"column":4},"end":{"line":36,"column":5}},"type":"if","locations":[{"start":{"line":32,"column":4},"end":{"line":36,"column":5}},{"start":{"line":34,"column":11},"end":{"line":36,"column":5}}],"line":32},"2":{"loc":{"start":{"line":47,"column":8},"end":{"line":54,"column":9}},"type":"if","locations":[{"start":{"line":47,"column":8},"end":{"line":54,"column":9}},{"start":{},"end":{}}],"line":47},"3":{"loc":{"start":{"line":48,"column":10},"end":{"line":53,"column":11}},"type":"if","locations":[{"start":{"line":48,"column":10},"end":{"line":53,"column":11}},{"start":{"line":50,"column":17},"end":{"line":53,"column":11}}],"line":48},"4":{"loc":{"start":{"line":95,"column":4},"end":{"line":115,"column":5}},"type":"cond-expr","locations":[{"start":{"line":96,"column":6},"end":{"line":100,"column":8}},{"start":{"line":102,"column":6},"end":{"line":114,"column":13}}],"line":95},"5":{"loc":{"start":{"line":118,"column":4},"end":{"line":121,"column":5}},"type":"if","locations":[{"start":{"line":118,"column":4},"end":{"line":121,"column":5}},{"start":{},"end":{}}],"line":118},"6":{"loc":{"start":{"line":129,"column":4},"end":{"line":131,"column":5}},"type":"if","locations":[{"start":{"line":129,"column":4},"end":{"line":131,"column":5}},{"start":{},"end":{}}],"line":129},"7":{"loc":{"start":{"line":136,"column":7},"end":{"line":217,"column":7}},"type":"cond-expr","locations":[{"start":{"line":137,"column":8},"end":{"line":142,"column":10}},{"start":{"line":144,"column":8},"end":{"line":216,"column":15}}],"line":136},"8":{"loc":{"start":{"line":151,"column":11},"end":{"line":182,"column":11}},"type":"binary-expr","locations":[{"start":{"line":151,"column":11},"end":{"line":151,"column":28}},{"start":{"line":152,"column":12},"end":{"line":181,"column":19}}],"line":151},"9":{"loc":{"start":{"line":200,"column":18},"end":{"line":200,"column":63}},"type":"cond-expr","locations":[{"start":{"line":200,"column":42},"end":{"line":200,"column":54}},{"start":{"line":200,"column":57},"end":{"line":200,"column":63}}],"line":200},"10":{"loc":{"start":{"line":207,"column":14},"end":{"line":213,"column":15}},"type":"binary-expr","locations":[{"start":{"line":207,"column":14},"end":{"line":207,"column":31}},{"start":{"line":208,"column":16},"end":{"line":212,"column":18}}],"line":207}},"s":{"0":2,"1":12,"2":12,"3":12,"4":12,"5":12,"6":12,"7":12,"8":12,"9":12,"10":12,"11":12,"12":3,"13":3,"14":3,"15":0,"16":3,"17":3,"18":3,"19":2,"20":2,"21":0,"22":0,"23":3,"24":3,"25":0,"26":12,"27":0,"28":0,"29":0,"30":0,"31":12,"32":4,"33":4,"34":4,"35":0,"36":12,"37":0,"38":12,"39":2,"40":12,"41":7,"42":3,"43":3,"44":12,"45":4,"46":12,"47":4,"48":0,"49":12,"50":0,"51":0,"52":1,"53":0,"54":4},"f":{"0":12,"1":12,"2":3,"3":3,"4":3,"5":0,"6":0,"7":0,"8":0,"9":0,"10":4,"11":4,"12":4,"13":0,"14":0,"15":2,"16":7,"17":4,"18":4,"19":0,"20":0,"21":1,"22":0,"23":4},"b":{"0":[3,0],"1":[3,0],"2":[2,1],"3":[2,0],"4":[1,1],"5":[3,4],"6":[0,4],"7":[6,6],"8":[6,4],"9":[0,6],"10":[4,4]},"_coverageSchema":"1a1c01bbd47fc00a2c39e90264f33305004495a9","hash":"ce1163960732045c568a88b8b93f0178a92e2072"}
,"C:\\Users\\Vizz\\Desktop\\AliProjects\\WarehouseItemVerification\\src\\screens\\Login.js": {"path":"C:\\Users\\Vizz\\Desktop\\AliProjects\\WarehouseItemVerification\\src\\screens\\Login.js","statementMap":{"0":{"start":{"line":15,"column":19},"end":{"line":15,"column":32}},"1":{"start":{"line":16,"column":30},"end":{"line":16,"column":42}},"2":{"start":{"line":17,"column":34},"end":{"line":17,"column":46}},"3":{"start":{"line":18,"column":28},"end":{"line":18,"column":38}},"4":{"start":{"line":19,"column":17},"end":{"line":19,"column":49}},"5":{"start":{"line":19,"column":38},"end":{"line":19,"column":48}},"6":{"start":{"line":20,"column":18},"end":{"line":20,"column":22}},"7":{"start":{"line":22,"column":2},"end":{"line":26,"column":14}},"8":{"start":{"line":23,"column":4},"end":{"line":25,"column":5}},"9":{"start":{"line":24,"column":6},"end":{"line":24,"column":39}},"10":{"start":{"line":28,"column":16},"end":{"line":50,"column":3}},"11":{"start":{"line":29,"column":17},"end":{"line":29,"column":31}},"12":{"start":{"line":30,"column":4},"end":{"line":30,"column":34}},"13":{"start":{"line":31,"column":4},"end":{"line":31,"column":38}},"14":{"start":{"line":32,"column":4},"end":{"line":49,"column":49}},"15":{"start":{"line":39,"column":19},"end":{"line":39,"column":29}},"16":{"start":{"line":41,"column":8},"end":{"line":47,"column":9}},"17":{"start":{"line":42,"column":10},"end":{"line":44,"column":12}},"18":{"start":{"line":46,"column":10},"end":{"line":46,"column":32}},"19":{"start":{"line":49,"column":20},"end":{"line":49,"column":47}},"20":{"start":{"line":52,"column":2},"end":{"line":114,"column":4}},"21":{"start":{"line":58,"column":8},"end":{"line":58,"column":41}},"22":{"start":{"line":92,"column":32},"end":{"line":92,"column":46}},"23":{"start":{"line":95,"column":32},"end":{"line":95,"column":45}},"24":{"start":{"line":99,"column":32},"end":{"line":99,"column":46}},"25":{"start":{"line":102,"column":38},"end":{"line":102,"column":59}},"26":{"start":{"line":107,"column":27},"end":{"line":107,"column":34}},"27":{"start":{"line":117,"column":15},"end":{"line":144,"column":2}}},"fnMap":{"0":{"name":"Login","decl":{"start":{"line":14,"column":9},"end":{"line":14,"column":14}},"loc":{"start":{"line":14,"column":22},"end":{"line":115,"column":1}},"line":14},"1":{"name":"(anonymous_1)","decl":{"start":{"line":19,"column":29},"end":{"line":19,"column":30}},"loc":{"start":{"line":19,"column":38},"end":{"line":19,"column":48}},"line":19},"2":{"name":"(anonymous_2)","decl":{"start":{"line":22,"column":12},"end":{"line":22,"column":13}},"loc":{"start":{"line":22,"column":18},"end":{"line":26,"column":3}},"line":22},"3":{"name":"(anonymous_3)","decl":{"start":{"line":28,"column":16},"end":{"line":28,"column":17}},"loc":{"start":{"line":28,"column":22},"end":{"line":50,"column":3}},"line":28},"4":{"name":"(anonymous_4)","decl":{"start":{"line":39,"column":12},"end":{"line":39,"column":13}},"loc":{"start":{"line":39,"column":19},"end":{"line":39,"column":29}},"line":39},"5":{"name":"(anonymous_5)","decl":{"start":{"line":40,"column":12},"end":{"line":40,"column":13}},"loc":{"start":{"line":40,"column":19},"end":{"line":48,"column":7}},"line":40},"6":{"name":"(anonymous_6)","decl":{"start":{"line":49,"column":13},"end":{"line":49,"column":14}},"loc":{"start":{"line":49,"column":20},"end":{"line":49,"column":47}},"line":49},"7":{"name":"(anonymous_7)","decl":{"start":{"line":57,"column":15},"end":{"line":57,"column":16}},"loc":{"start":{"line":57,"column":20},"end":{"line":59,"column":7}},"line":57},"8":{"name":"(anonymous_8)","decl":{"start":{"line":92,"column":26},"end":{"line":92,"column":27}},"loc":{"start":{"line":92,"column":32},"end":{"line":92,"column":46}},"line":92},"9":{"name":"(anonymous_9)","decl":{"start":{"line":95,"column":26},"end":{"line":95,"column":27}},"loc":{"start":{"line":95,"column":32},"end":{"line":95,"column":45}},"line":95},"10":{"name":"(anonymous_10)","decl":{"start":{"line":99,"column":26},"end":{"line":99,"column":27}},"loc":{"start":{"line":99,"column":32},"end":{"line":99,"column":46}},"line":99},"11":{"name":"(anonymous_11)","decl":{"start":{"line":102,"column":26},"end":{"line":102,"column":27}},"loc":{"start":{"line":102,"column":38},"end":{"line":102,"column":59}},"line":102},"12":{"name":"(anonymous_12)","decl":{"start":{"line":107,"column":21},"end":{"line":107,"column":22}},"loc":{"start":{"line":107,"column":27},"end":{"line":107,"column":34}},"line":107}},"branchMap":{"0":{"loc":{"start":{"line":23,"column":4},"end":{"line":25,"column":5}},"type":"if","locations":[{"start":{"line":23,"column":4},"end":{"line":25,"column":5}},{"start":{},"end":{}}],"line":23},"1":{"loc":{"start":{"line":41,"column":8},"end":{"line":47,"column":9}},"type":"if","locations":[{"start":{"line":41,"column":8},"end":{"line":47,"column":9}},{"start":{"line":45,"column":15},"end":{"line":47,"column":9}}],"line":41},"2":{"loc":{"start":{"line":77,"column":9},"end":{"line":88,"column":9}},"type":"binary-expr","locations":[{"start":{"line":77,"column":9},"end":{"line":77,"column":14}},{"start":{"line":78,"column":10},"end":{"line":87,"column":17}}],"line":77}},"s":{"0":6,"1":6,"2":6,"3":6,"4":6,"5":6,"6":6,"7":6,"8":4,"9":1,"10":6,"11":2,"12":2,"13":2,"14":2,"15":2,"16":2,"17":1,"18":1,"19":0,"20":6,"21":0,"22":1,"23":0,"24":0,"25":0,"26":2,"27":2},"f":{"0":6,"1":6,"2":4,"3":2,"4":2,"5":2,"6":0,"7":0,"8":1,"9":0,"10":0,"11":0,"12":2},"b":{"0":[1,3],"1":[1,1],"2":[6,1]},"_coverageSchema":"1a1c01bbd47fc00a2c39e90264f33305004495a9","hash":"07c4f5f35da5ca90a3300f40bf1754a25ca18ac0"}
,"C:\\Users\\Vizz\\Desktop\\AliProjects\\WarehouseItemVerification\\src\\screens\\OrderDetail.js": {"path":"C:\\Users\\Vizz\\Desktop\\AliProjects\\WarehouseItemVerification\\src\\screens\\OrderDetail.js","statementMap":{"0":{"start":{"line":16,"column":20},"end":{"line":383,"column":1}},"1":{"start":{"line":17,"column":17},"end":{"line":17,"column":49}},"2":{"start":{"line":17,"column":38},"end":{"line":17,"column":48}},"3":{"start":{"line":18,"column":18},"end":{"line":18,"column":38}},"4":{"start":{"line":19,"column":19},"end":{"line":21,"column":15}},"5":{"start":{"line":22,"column":44},"end":{"line":22,"column":58}},"6":{"start":{"line":23,"column":28},"end":{"line":23,"column":38}},"7":{"start":{"line":24,"column":40},"end":{"line":24,"column":50}},"8":{"start":{"line":25,"column":21},"end":{"line":25,"column":35}},"9":{"start":{"line":26,"column":22},"end":{"line":26,"column":36}},"10":{"start":{"line":27,"column":23},"end":{"line":27,"column":37}},"11":{"start":{"line":28,"column":32},"end":{"line":28,"column":46}},"12":{"start":{"line":29,"column":40},"end":{"line":29,"column":54}},"13":{"start":{"line":30,"column":28},"end":{"line":30,"column":43}},"14":{"start":{"line":31,"column":36},"end":{"line":31,"column":47}},"15":{"start":{"line":32,"column":40},"end":{"line":32,"column":55}},"16":{"start":{"line":33,"column":38},"end":{"line":33,"column":50}},"17":{"start":{"line":34,"column":36},"end":{"line":34,"column":46}},"18":{"start":{"line":35,"column":18},"end":{"line":35,"column":32}},"19":{"start":{"line":37,"column":19},"end":{"line":47,"column":3}},"20":{"start":{"line":38,"column":4},"end":{"line":46,"column":5}},"21":{"start":{"line":39,"column":6},"end":{"line":39,"column":30}},"22":{"start":{"line":40,"column":6},"end":{"line":40,"column":27}},"23":{"start":{"line":41,"column":6},"end":{"line":41,"column":33}},"24":{"start":{"line":42,"column":6},"end":{"line":42,"column":33}},"25":{"start":{"line":43,"column":6},"end":{"line":43,"column":20}},"26":{"start":{"line":45,"column":6},"end":{"line":45,"column":21}},"27":{"start":{"line":49,"column":22},"end":{"line":52,"column":3}},"28":{"start":{"line":50,"column":21},"end":{"line":50,"column":50}},"29":{"start":{"line":51,"column":4},"end":{"line":51,"column":23}},"30":{"start":{"line":54,"column":22},"end":{"line":73,"column":3}},"31":{"start":{"line":55,"column":4},"end":{"line":72,"column":9}},"32":{"start":{"line":61,"column":19},"end":{"line":61,"column":29}},"33":{"start":{"line":63,"column":8},"end":{"line":67,"column":9}},"34":{"start":{"line":64,"column":10},"end":{"line":64,"column":29}},"35":{"start":{"line":66,"column":10},"end":{"line":66,"column":32}},"36":{"start":{"line":68,"column":8},"end":{"line":68,"column":30}},"37":{"start":{"line":71,"column":8},"end":{"line":71,"column":25}},"38":{"start":{"line":75,"column":22},"end":{"line":105,"column":3}},"39":{"start":{"line":76,"column":4},"end":{"line":76,"column":21}},"40":{"start":{"line":77,"column":4},"end":{"line":104,"column":9}},"41":{"start":{"line":91,"column":19},"end":{"line":91,"column":29}},"42":{"start":{"line":93,"column":8},"end":{"line":97,"column":9}},"43":{"start":{"line":94,"column":10},"end":{"line":94,"column":24}},"44":{"start":{"line":96,"column":10},"end":{"line":96,"column":32}},"45":{"start":{"line":98,"column":8},"end":{"line":98,"column":26}},"46":{"start":{"line":101,"column":8},"end":{"line":101,"column":26}},"47":{"start":{"line":102,"column":8},"end":{"line":102,"column":25}},"48":{"start":{"line":103,"column":8},"end":{"line":103,"column":52}},"49":{"start":{"line":107,"column":2},"end":{"line":111,"column":5}},"50":{"start":{"line":108,"column":4},"end":{"line":110,"column":5}},"51":{"start":{"line":109,"column":6},"end":{"line":109,"column":20}},"52":{"start":{"line":113,"column":2},"end":{"line":120,"column":19}},"53":{"start":{"line":115,"column":24},"end":{"line":115,"column":51}},"54":{"start":{"line":116,"column":24},"end":{"line":118,"column":5}},"55":{"start":{"line":117,"column":6},"end":{"line":117,"column":36}},"56":{"start":{"line":119,"column":4},"end":{"line":119,"column":32}},"57":{"start":{"line":122,"column":2},"end":{"line":133,"column":14}},"58":{"start":{"line":123,"column":4},"end":{"line":123,"column":27}},"59":{"start":{"line":124,"column":4},"end":{"line":124,"column":13}},"60":{"start":{"line":125,"column":21},"end":{"line":125,"column":31}},"61":{"start":{"line":126,"column":4},"end":{"line":131,"column":7}},"62":{"start":{"line":127,"column":6},"end":{"line":130,"column":7}},"63":{"start":{"line":128,"column":8},"end":{"line":128,"column":32}},"64":{"start":{"line":129,"column":8},"end":{"line":129,"column":18}},"65":{"start":{"line":132,"column":4},"end":{"line":132,"column":23}},"66":{"start":{"line":136,"column":22},"end":{"line":138,"column":3}},"67":{"start":{"line":137,"column":4},"end":{"line":137,"column":19}},"68":{"start":{"line":140,"column":22},"end":{"line":142,"column":3}},"69":{"start":{"line":141,"column":4},"end":{"line":141,"column":19}},"70":{"start":{"line":145,"column":20},"end":{"line":148,"column":3}},"71":{"start":{"line":146,"column":4},"end":{"line":146,"column":19}},"72":{"start":{"line":147,"column":4},"end":{"line":147,"column":41}},"73":{"start":{"line":150,"column":2},"end":{"line":382,"column":4}},"74":{"start":{"line":175,"column":34},"end":{"line":175,"column":53}},"75":{"start":{"line":193,"column":14},"end":{"line":196,"column":16}},"76":{"start":{"line":231,"column":25},"end":{"line":231,"column":50}},"77":{"start":{"line":259,"column":10},"end":{"line":264,"column":12}},"78":{"start":{"line":286,"column":14},"end":{"line":286,"column":41}},"79":{"start":{"line":326,"column":27},"end":{"line":326,"column":54}}},"fnMap":{"0":{"name":"(anonymous_0)","decl":{"start":{"line":16,"column":20},"end":{"line":16,"column":21}},"loc":{"start":{"line":16,"column":45},"end":{"line":383,"column":1}},"line":16},"1":{"name":"(anonymous_1)","decl":{"start":{"line":17,"column":29},"end":{"line":17,"column":30}},"loc":{"start":{"line":17,"column":38},"end":{"line":17,"column":48}},"line":17},"2":{"name":"(anonymous_2)","decl":{"start":{"line":37,"column":19},"end":{"line":37,"column":20}},"loc":{"start":{"line":37,"column":32},"end":{"line":47,"column":3}},"line":37},"3":{"name":"(anonymous_3)","decl":{"start":{"line":49,"column":22},"end":{"line":49,"column":23}},"loc":{"start":{"line":49,"column":28},"end":{"line":52,"column":3}},"line":49},"4":{"name":"(anonymous_4)","decl":{"start":{"line":54,"column":22},"end":{"line":54,"column":23}},"loc":{"start":{"line":54,"column":28},"end":{"line":73,"column":3}},"line":54},"5":{"name":"(anonymous_5)","decl":{"start":{"line":61,"column":12},"end":{"line":61,"column":13}},"loc":{"start":{"line":61,"column":19},"end":{"line":61,"column":29}},"line":61},"6":{"name":"(anonymous_6)","decl":{"start":{"line":62,"column":12},"end":{"line":62,"column":13}},"loc":{"start":{"line":62,"column":19},"end":{"line":69,"column":7}},"line":62},"7":{"name":"(anonymous_7)","decl":{"start":{"line":70,"column":13},"end":{"line":70,"column":14}},"loc":{"start":{"line":70,"column":20},"end":{"line":72,"column":7}},"line":70},"8":{"name":"(anonymous_8)","decl":{"start":{"line":75,"column":22},"end":{"line":75,"column":23}},"loc":{"start":{"line":75,"column":28},"end":{"line":105,"column":3}},"line":75},"9":{"name":"(anonymous_9)","decl":{"start":{"line":91,"column":12},"end":{"line":91,"column":13}},"loc":{"start":{"line":91,"column":19},"end":{"line":91,"column":29}},"line":91},"10":{"name":"(anonymous_10)","decl":{"start":{"line":92,"column":12},"end":{"line":92,"column":13}},"loc":{"start":{"line":92,"column":19},"end":{"line":99,"column":7}},"line":92},"11":{"name":"(anonymous_11)","decl":{"start":{"line":100,"column":13},"end":{"line":100,"column":14}},"loc":{"start":{"line":100,"column":20},"end":{"line":104,"column":7}},"line":100},"12":{"name":"(anonymous_12)","decl":{"start":{"line":107,"column":12},"end":{"line":107,"column":13}},"loc":{"start":{"line":107,"column":18},"end":{"line":111,"column":3}},"line":107},"13":{"name":"(anonymous_13)","decl":{"start":{"line":113,"column":12},"end":{"line":113,"column":13}},"loc":{"start":{"line":113,"column":18},"end":{"line":120,"column":3}},"line":113},"14":{"name":"(anonymous_14)","decl":{"start":{"line":116,"column":43},"end":{"line":116,"column":44}},"loc":{"start":{"line":117,"column":6},"end":{"line":117,"column":36}},"line":117},"15":{"name":"(anonymous_15)","decl":{"start":{"line":122,"column":12},"end":{"line":122,"column":13}},"loc":{"start":{"line":122,"column":18},"end":{"line":133,"column":3}},"line":122},"16":{"name":"(anonymous_16)","decl":{"start":{"line":126,"column":27},"end":{"line":126,"column":28}},"loc":{"start":{"line":126,"column":35},"end":{"line":131,"column":5}},"line":126},"17":{"name":"(anonymous_17)","decl":{"start":{"line":136,"column":22},"end":{"line":136,"column":23}},"loc":{"start":{"line":136,"column":28},"end":{"line":138,"column":3}},"line":136},"18":{"name":"(anonymous_18)","decl":{"start":{"line":140,"column":22},"end":{"line":140,"column":23}},"loc":{"start":{"line":140,"column":28},"end":{"line":142,"column":3}},"line":140},"19":{"name":"(anonymous_19)","decl":{"start":{"line":145,"column":20},"end":{"line":145,"column":21}},"loc":{"start":{"line":145,"column":26},"end":{"line":148,"column":3}},"line":145},"20":{"name":"(anonymous_20)","decl":{"start":{"line":175,"column":26},"end":{"line":175,"column":27}},"loc":{"start":{"line":175,"column":34},"end":{"line":175,"column":53}},"line":175},"21":{"name":"(anonymous_21)","decl":{"start":{"line":192,"column":21},"end":{"line":192,"column":22}},"loc":{"start":{"line":193,"column":14},"end":{"line":196,"column":16}},"line":193},"22":{"name":"(anonymous_22)","decl":{"start":{"line":231,"column":19},"end":{"line":231,"column":20}},"loc":{"start":{"line":231,"column":25},"end":{"line":231,"column":50}},"line":231},"23":{"name":"(anonymous_23)","decl":{"start":{"line":258,"column":20},"end":{"line":258,"column":21}},"loc":{"start":{"line":259,"column":10},"end":{"line":264,"column":12}},"line":259},"24":{"name":"(anonymous_24)","decl":{"start":{"line":285,"column":21},"end":{"line":285,"column":22}},"loc":{"start":{"line":285,"column":27},"end":{"line":287,"column":13}},"line":285},"25":{"name":"(anonymous_25)","decl":{"start":{"line":326,"column":21},"end":{"line":326,"column":22}},"loc":{"start":{"line":326,"column":27},"end":{"line":326,"column":54}},"line":326}},"branchMap":{"0":{"loc":{"start":{"line":19,"column":19},"end":{"line":21,"column":15}},"type":"cond-expr","locations":[{"start":{"line":20,"column":6},"end":{"line":20,"column":39}},{"start":{"line":21,"column":6},"end":{"line":21,"column":15}}],"line":19},"1":{"loc":{"start":{"line":38,"column":4},"end":{"line":46,"column":5}},"type":"if","locations":[{"start":{"line":38,"column":4},"end":{"line":46,"column":5}},{"start":{"line":44,"column":11},"end":{"line":46,"column":5}}],"line":38},"2":{"loc":{"start":{"line":63,"column":8},"end":{"line":67,"column":9}},"type":"if","locations":[{"start":{"line":63,"column":8},"end":{"line":67,"column":9}},{"start":{"line":65,"column":15},"end":{"line":67,"column":9}}],"line":63},"3":{"loc":{"start":{"line":86,"column":20},"end":{"line":86,"column":47}},"type":"cond-expr","locations":[{"start":{"line":86,"column":31},"end":{"line":86,"column":39}},{"start":{"line":86,"column":42},"end":{"line":86,"column":47}}],"line":86},"4":{"loc":{"start":{"line":93,"column":8},"end":{"line":97,"column":9}},"type":"if","locations":[{"start":{"line":93,"column":8},"end":{"line":97,"column":9}},{"start":{"line":95,"column":15},"end":{"line":97,"column":9}}],"line":93},"5":{"loc":{"start":{"line":108,"column":4},"end":{"line":110,"column":5}},"type":"if","locations":[{"start":{"line":108,"column":4},"end":{"line":110,"column":5}},{"start":{},"end":{}}],"line":108},"6":{"loc":{"start":{"line":127,"column":6},"end":{"line":130,"column":7}},"type":"if","locations":[{"start":{"line":127,"column":6},"end":{"line":130,"column":7}},{"start":{},"end":{}}],"line":127},"7":{"loc":{"start":{"line":127,"column":10},"end":{"line":127,"column":64}},"type":"binary-expr","locations":[{"start":{"line":127,"column":10},"end":{"line":127,"column":34}},{"start":{"line":127,"column":38},"end":{"line":127,"column":64}}],"line":127},"8":{"loc":{"start":{"line":150,"column":9},"end":{"line":382,"column":3}},"type":"cond-expr","locations":[{"start":{"line":151,"column":4},"end":{"line":156,"column":6}},{"start":{"line":158,"column":4},"end":{"line":381,"column":11}}],"line":150},"9":{"loc":{"start":{"line":201,"column":7},"end":{"line":227,"column":7}},"type":"binary-expr","locations":[{"start":{"line":201,"column":7},"end":{"line":201,"column":21}},{"start":{"line":201,"column":25},"end":{"line":201,"column":47}},{"start":{"line":202,"column":8},"end":{"line":226,"column":15}}],"line":201},"10":{"loc":{"start":{"line":228,"column":7},"end":{"line":252,"column":7}},"type":"binary-expr","locations":[{"start":{"line":228,"column":7},"end":{"line":228,"column":26}},{"start":{"line":228,"column":30},"end":{"line":228,"column":43}},{"start":{"line":228,"column":47},"end":{"line":228,"column":69}},{"start":{"line":229,"column":8},"end":{"line":251,"column":27}}],"line":228},"11":{"loc":{"start":{"line":257,"column":14},"end":{"line":257,"column":63}},"type":"cond-expr","locations":[{"start":{"line":257,"column":38},"end":{"line":257,"column":49}},{"start":{"line":257,"column":52},"end":{"line":257,"column":63}}],"line":257},"12":{"loc":{"start":{"line":306,"column":9},"end":{"line":312,"column":9}},"type":"binary-expr","locations":[{"start":{"line":306,"column":9},"end":{"line":306,"column":14}},{"start":{"line":307,"column":10},"end":{"line":311,"column":17}}],"line":306},"13":{"loc":{"start":{"line":338,"column":11},"end":{"line":378,"column":11}},"type":"cond-expr","locations":[{"start":{"line":339,"column":12},"end":{"line":342,"column":14}},{"start":{"line":343,"column":14},"end":{"line":378,"column":11}}],"line":338},"14":{"loc":{"start":{"line":343,"column":14},"end":{"line":378,"column":11}},"type":"cond-expr","locations":[{"start":{"line":344,"column":12},"end":{"line":359,"column":15}},{"start":{"line":361,"column":12},"end":{"line":377,"column":15}}],"line":343}},"s":{"0":2,"1":17,"2":17,"3":17,"4":17,"5":17,"6":17,"7":17,"8":17,"9":17,"10":17,"11":17,"12":17,"13":17,"14":17,"15":17,"16":17,"17":17,"18":17,"19":17,"20":2,"21":1,"22":1,"23":1,"24":1,"25":1,"26":1,"27":17,"28":1,"29":1,"30":17,"31":4,"32":4,"33":4,"34":4,"35":0,"36":4,"37":0,"38":17,"39":1,"40":1,"41":1,"42":1,"43":1,"44":0,"45":1,"46":0,"47":0,"48":0,"49":17,"50":17,"51":4,"52":17,"53":4,"54":4,"55":0,"56":4,"57":17,"58":9,"59":9,"60":9,"61":9,"62":20,"63":1,"64":1,"65":9,"66":17,"67":0,"68":17,"69":1,"70":17,"71":0,"72":0,"73":17,"74":0,"75":0,"76":3,"77":36,"78":0,"79":0},"f":{"0":17,"1":17,"2":2,"3":1,"4":4,"5":4,"6":4,"7":0,"8":1,"9":1,"10":1,"11":0,"12":17,"13":4,"14":0,"15":9,"16":20,"17":0,"18":1,"19":0,"20":0,"21":0,"22":3,"23":36,"24":0,"25":0},"b":{"0":[0,17],"1":[1,1],"2":[4,0],"3":[0,1],"4":[1,0],"5":[4,13],"6":[1,19],"7":[20,20],"8":[8,9],"9":[9,1,1],"10":[9,6,6,6],"11":[0,9],"12":[9,1],"13":[8,1],"14":[0,1]},"_coverageSchema":"1a1c01bbd47fc00a2c39e90264f33305004495a9","hash":"864df2dfef98ca4dec459ab833deb0ccb937167a"}
,"C:\\Users\\Vizz\\Desktop\\AliProjects\\WarehouseItemVerification\\src\\screens\\ScanItem.js": {"path":"C:\\Users\\Vizz\\Desktop\\AliProjects\\WarehouseItemVerification\\src\\screens\\ScanItem.js","statementMap":{"0":{"start":{"line":17,"column":17},"end":{"line":162,"column":1}},"1":{"start":{"line":18,"column":21},"end":{"line":18,"column":35}},"2":{"start":{"line":19,"column":25},"end":{"line":19,"column":57}},"3":{"start":{"line":19,"column":46},"end":{"line":19,"column":56}},"4":{"start":{"line":20,"column":34},"end":{"line":20,"column":46}},"5":{"start":{"line":21,"column":26},"end":{"line":21,"column":36}},"6":{"start":{"line":22,"column":36},"end":{"line":22,"column":51}},"7":{"start":{"line":23,"column":32},"end":{"line":23,"column":47}},"8":{"start":{"line":24,"column":16},"end":{"line":24,"column":34}},"9":{"start":{"line":26,"column":2},"end":{"line":34,"column":4}},"10":{"start":{"line":27,"column":20},"end":{"line":27,"column":66}},"11":{"start":{"line":27,"column":39},"end":{"line":27,"column":65}},"12":{"start":{"line":28,"column":4},"end":{"line":28,"column":23}},"13":{"start":{"line":29,"column":4},"end":{"line":33,"column":5}},"14":{"start":{"line":30,"column":6},"end":{"line":30,"column":33}},"15":{"start":{"line":32,"column":6},"end":{"line":32,"column":60}},"16":{"start":{"line":36,"column":21},"end":{"line":58,"column":3}},"17":{"start":{"line":37,"column":4},"end":{"line":37,"column":21}},"18":{"start":{"line":38,"column":4},"end":{"line":57,"column":38}},"19":{"start":{"line":49,"column":21},"end":{"line":49,"column":37}},"20":{"start":{"line":50,"column":8},"end":{"line":54,"column":9}},"21":{"start":{"line":51,"column":10},"end":{"line":51,"column":37}},"22":{"start":{"line":53,"column":10},"end":{"line":53,"column":28}},"23":{"start":{"line":55,"column":8},"end":{"line":55,"column":26}},"24":{"start":{"line":57,"column":20},"end":{"line":57,"column":36}},"25":{"start":{"line":60,"column":2},"end":{"line":161,"column":4}},"26":{"start":{"line":115,"column":14},"end":{"line":115,"column":32}},"27":{"start":{"line":116,"column":14},"end":{"line":116,"column":33}},"28":{"start":{"line":142,"column":12},"end":{"line":144,"column":56}}},"fnMap":{"0":{"name":"(anonymous_0)","decl":{"start":{"line":17,"column":17},"end":{"line":17,"column":18}},"loc":{"start":{"line":17,"column":42},"end":{"line":162,"column":1}},"line":17},"1":{"name":"(anonymous_1)","decl":{"start":{"line":19,"column":37},"end":{"line":19,"column":38}},"loc":{"start":{"line":19,"column":46},"end":{"line":19,"column":56}},"line":19},"2":{"name":"(anonymous_2)","decl":{"start":{"line":26,"column":14},"end":{"line":26,"column":15}},"loc":{"start":{"line":26,"column":22},"end":{"line":34,"column":3}},"line":26},"3":{"name":"(anonymous_3)","decl":{"start":{"line":27,"column":31},"end":{"line":27,"column":32}},"loc":{"start":{"line":27,"column":39},"end":{"line":27,"column":65}},"line":27},"4":{"name":"(anonymous_4)","decl":{"start":{"line":36,"column":21},"end":{"line":36,"column":22}},"loc":{"start":{"line":36,"column":27},"end":{"line":58,"column":3}},"line":36},"5":{"name":"(anonymous_5)","decl":{"start":{"line":48,"column":12},"end":{"line":48,"column":13}},"loc":{"start":{"line":48,"column":25},"end":{"line":56,"column":7}},"line":48},"6":{"name":"(anonymous_6)","decl":{"start":{"line":57,"column":13},"end":{"line":57,"column":14}},"loc":{"start":{"line":57,"column":20},"end":{"line":57,"column":36}},"line":57},"7":{"name":"(anonymous_7)","decl":{"start":{"line":114,"column":26},"end":{"line":114,"column":27}},"loc":{"start":{"line":114,"column":34},"end":{"line":117,"column":13}},"line":114},"8":{"name":"(anonymous_8)","decl":{"start":{"line":141,"column":19},"end":{"line":141,"column":20}},"loc":{"start":{"line":141,"column":25},"end":{"line":145,"column":11}},"line":141}},"branchMap":{"0":{"loc":{"start":{"line":29,"column":4},"end":{"line":33,"column":5}},"type":"if","locations":[{"start":{"line":29,"column":4},"end":{"line":33,"column":5}},{"start":{"line":31,"column":11},"end":{"line":33,"column":5}}],"line":29},"1":{"loc":{"start":{"line":50,"column":8},"end":{"line":54,"column":9}},"type":"if","locations":[{"start":{"line":50,"column":8},"end":{"line":54,"column":9}},{"start":{"line":52,"column":15},"end":{"line":54,"column":9}}],"line":50},"2":{"loc":{"start":{"line":100,"column":22},"end":{"line":100,"column":67}},"type":"cond-expr","locations":[{"start":{"line":100,"column":42},"end":{"line":100,"column":52}},{"start":{"line":100,"column":55},"end":{"line":100,"column":67}}],"line":100},"3":{"loc":{"start":{"line":101,"column":23},"end":{"line":101,"column":58}},"type":"cond-expr","locations":[{"start":{"line":101,"column":43},"end":{"line":101,"column":50}},{"start":{"line":101,"column":53},"end":{"line":101,"column":58}}],"line":101},"4":{"loc":{"start":{"line":105,"column":21},"end":{"line":105,"column":53}},"type":"cond-expr","locations":[{"start":{"line":105,"column":41},"end":{"line":105,"column":46}},{"start":{"line":105,"column":49},"end":{"line":105,"column":53}}],"line":105},"5":{"loc":{"start":{"line":109,"column":9},"end":{"line":126,"column":9}},"type":"binary-expr","locations":[{"start":{"line":109,"column":9},"end":{"line":109,"column":27}},{"start":{"line":110,"column":10},"end":{"line":125,"column":12}}],"line":109},"6":{"loc":{"start":{"line":127,"column":9},"end":{"line":129,"column":9}},"type":"binary-expr","locations":[{"start":{"line":127,"column":9},"end":{"line":127,"column":18}},{"start":{"line":128,"column":10},"end":{"line":128,"column":72}}],"line":127},"7":{"loc":{"start":{"line":133,"column":29},"end":{"line":133,"column":70}},"type":"cond-expr","locations":[{"start":{"line":133,"column":49},"end":{"line":133,"column":58}},{"start":{"line":133,"column":61},"end":{"line":133,"column":70}}],"line":133},"8":{"loc":{"start":{"line":142,"column":12},"end":{"line":144,"column":55}},"type":"cond-expr","locations":[{"start":{"line":143,"column":16},"end":{"line":143,"column":28}},{"start":{"line":144,"column":16},"end":{"line":144,"column":55}}],"line":142},"9":{"loc":{"start":{"line":146,"column":11},"end":{"line":157,"column":11}},"type":"cond-expr","locations":[{"start":{"line":147,"column":12},"end":{"line":147,"column":49}},{"start":{"line":149,"column":12},"end":{"line":156,"column":19}}],"line":146},"10":{"loc":{"start":{"line":155,"column":15},"end":{"line":155,"column":56}},"type":"cond-expr","locations":[{"start":{"line":155,"column":35},"end":{"line":155,"column":45}},{"start":{"line":155,"column":48},"end":{"line":155,"column":56}}],"line":155}},"s":{"0":1,"1":0,"2":0,"3":0,"4":0,"5":0,"6":0,"7":0,"8":0,"9":0,"10":0,"11":0,"12":0,"13":0,"14":0,"15":0,"16":0,"17":0,"18":0,"19":0,"20":0,"21":0,"22":0,"23":0,"24":0,"25":0,"26":0,"27":0,"28":0},"f":{"0":0,"1":0,"2":0,"3":0,"4":0,"5":0,"6":0,"7":0,"8":0},"b":{"0":[0,0],"1":[0,0],"2":[0,0],"3":[0,0],"4":[0,0],"5":[0,0],"6":[0,0],"7":[0,0],"8":[0,0],"9":[0,0],"10":[0,0]},"_coverageSchema":"1a1c01bbd47fc00a2c39e90264f33305004495a9","hash":"1163ccaa016fc7be19c3eeccc192aceea014eef0"}
,"C:\\Users\\Vizz\\Desktop\\AliProjects\\WarehouseItemVerification\\src\\screens\\ScanOrder.js": {"path":"C:\\Users\\Vizz\\Desktop\\AliProjects\\WarehouseItemVerification\\src\\screens\\ScanOrder.js","statementMap":{"0":{"start":{"line":7,"column":19},"end":{"line":57,"column":1}},"1":{"start":{"line":8,"column":25},"end":{"line":8,"column":57}},"2":{"start":{"line":8,"column":46},"end":{"line":8,"column":56}},"3":{"start":{"line":10,"column":23},"end":{"line":22,"column":3}},"4":{"start":{"line":11,"column":18},"end":{"line":20,"column":37}},"5":{"start":{"line":16,"column":19},"end":{"line":16,"column":29}},"6":{"start":{"line":18,"column":8},"end":{"line":18,"column":26}},"7":{"start":{"line":20,"column":20},"end":{"line":20,"column":36}},"8":{"start":{"line":21,"column":4},"end":{"line":21,"column":17}},"9":{"start":{"line":24,"column":2},"end":{"line":37,"column":4}},"10":{"start":{"line":25,"column":18},"end":{"line":25,"column":67}},"11":{"start":{"line":25,"column":38},"end":{"line":25,"column":66}},"12":{"start":{"line":26,"column":4},"end":{"line":36,"column":5}},"13":{"start":{"line":27,"column":6},"end":{"line":27,"column":23}},"14":{"start":{"line":28,"column":6},"end":{"line":31,"column":9}},"15":{"start":{"line":33,"column":28},"end":{"line":33,"column":51}},"16":{"start":{"line":34,"column":6},"end":{"line":34,"column":33}},"17":{"start":{"line":35,"column":6},"end":{"line":35,"column":61}},"18":{"start":{"line":39,"column":2},"end":{"line":56,"column":4}}},"fnMap":{"0":{"name":"(anonymous_0)","decl":{"start":{"line":7,"column":19},"end":{"line":7,"column":20}},"loc":{"start":{"line":7,"column":37},"end":{"line":57,"column":1}},"line":7},"1":{"name":"(anonymous_1)","decl":{"start":{"line":8,"column":37},"end":{"line":8,"column":38}},"loc":{"start":{"line":8,"column":46},"end":{"line":8,"column":56}},"line":8},"2":{"name":"(anonymous_2)","decl":{"start":{"line":10,"column":23},"end":{"line":10,"column":24}},"loc":{"start":{"line":10,"column":29},"end":{"line":22,"column":3}},"line":10},"3":{"name":"(anonymous_3)","decl":{"start":{"line":16,"column":12},"end":{"line":16,"column":13}},"loc":{"start":{"line":16,"column":19},"end":{"line":16,"column":29}},"line":16},"4":{"name":"(anonymous_4)","decl":{"start":{"line":17,"column":12},"end":{"line":17,"column":13}},"loc":{"start":{"line":17,"column":21},"end":{"line":19,"column":7}},"line":17},"5":{"name":"(anonymous_5)","decl":{"start":{"line":20,"column":13},"end":{"line":20,"column":14}},"loc":{"start":{"line":20,"column":20},"end":{"line":20,"column":36}},"line":20},"6":{"name":"(anonymous_6)","decl":{"start":{"line":24,"column":14},"end":{"line":24,"column":15}},"loc":{"start":{"line":24,"column":22},"end":{"line":37,"column":3}},"line":24},"7":{"name":"(anonymous_7)","decl":{"start":{"line":25,"column":30},"end":{"line":25,"column":31}},"loc":{"start":{"line":25,"column":38},"end":{"line":25,"column":66}},"line":25}},"branchMap":{"0":{"loc":{"start":{"line":26,"column":4},"end":{"line":36,"column":5}},"type":"if","locations":[{"start":{"line":26,"column":4},"end":{"line":36,"column":5}},{"start":{"line":32,"column":11},"end":{"line":36,"column":5}}],"line":26}},"s":{"0":1,"1":0,"2":0,"3":0,"4":0,"5":0,"6":0,"7":0,"8":0,"9":0,"10":0,"11":0,"12":0,"13":0,"14":0,"15":0,"16":0,"17":0,"18":0},"f":{"0":0,"1":0,"2":0,"3":0,"4":0,"5":0,"6":0,"7":0},"b":{"0":[0,0]},"_coverageSchema":"1a1c01bbd47fc00a2c39e90264f33305004495a9","hash":"3b3d9a865223fa60e76ae4c35d14fdadc4979dec"}
,"C:\\Users\\Vizz\\Desktop\\AliProjects\\WarehouseItemVerification\\src\\screens\\VerifiedOrders.js": {"path":"C:\\Users\\Vizz\\Desktop\\AliProjects\\WarehouseItemVerification\\src\\screens\\VerifiedOrders.js","statementMap":{"0":{"start":{"line":15,"column":23},"end":{"line":91,"column":1}},"1":{"start":{"line":16,"column":30},"end":{"line":16,"column":42}},"2":{"start":{"line":17,"column":26},"end":{"line":17,"column":37}},"3":{"start":{"line":18,"column":17},"end":{"line":18,"column":49}},"4":{"start":{"line":18,"column":38},"end":{"line":18,"column":48}},"5":{"start":{"line":19,"column":32},"end":{"line":19,"column":46}},"6":{"start":{"line":21,"column":28},"end":{"line":45,"column":3}},"7":{"start":{"line":22,"column":19},"end":{"line":22,"column":31}},"8":{"start":{"line":24,"column":4},"end":{"line":26,"column":5}},"9":{"start":{"line":25,"column":6},"end":{"line":25,"column":23}},"10":{"start":{"line":27,"column":4},"end":{"line":44,"column":45}},"11":{"start":{"line":32,"column":19},"end":{"line":32,"column":29}},"12":{"start":{"line":34,"column":8},"end":{"line":41,"column":9}},"13":{"start":{"line":35,"column":10},"end":{"line":40,"column":11}},"14":{"start":{"line":36,"column":12},"end":{"line":36,"column":32}},"15":{"start":{"line":38,"column":12},"end":{"line":38,"column":48}},"16":{"start":{"line":39,"column":12},"end":{"line":39,"column":30}},"17":{"start":{"line":42,"column":8},"end":{"line":42,"column":26}},"18":{"start":{"line":44,"column":20},"end":{"line":44,"column":43}},"19":{"start":{"line":47,"column":27},"end":{"line":49,"column":3}},"20":{"start":{"line":48,"column":4},"end":{"line":48,"column":34}},"21":{"start":{"line":51,"column":2},"end":{"line":54,"column":9}},"22":{"start":{"line":52,"column":4},"end":{"line":52,"column":25}},"23":{"start":{"line":53,"column":4},"end":{"line":53,"column":15}},"24":{"start":{"line":56,"column":2},"end":{"line":90,"column":4}},"25":{"start":{"line":69,"column":26},"end":{"line":69,"column":44}},"26":{"start":{"line":72,"column":8},"end":{"line":77,"column":27}},"27":{"start":{"line":75,"column":25},"end":{"line":75,"column":75}},"28":{"start":{"line":93,"column":15},"end":{"line":126,"column":2}}},"fnMap":{"0":{"name":"(anonymous_0)","decl":{"start":{"line":15,"column":23},"end":{"line":15,"column":24}},"loc":{"start":{"line":15,"column":48},"end":{"line":91,"column":1}},"line":15},"1":{"name":"(anonymous_1)","decl":{"start":{"line":18,"column":29},"end":{"line":18,"column":30}},"loc":{"start":{"line":18,"column":38},"end":{"line":18,"column":48}},"line":18},"2":{"name":"(anonymous_2)","decl":{"start":{"line":21,"column":28},"end":{"line":21,"column":29}},"loc":{"start":{"line":21,"column":47},"end":{"line":45,"column":3}},"line":21},"3":{"name":"(anonymous_3)","decl":{"start":{"line":32,"column":12},"end":{"line":32,"column":13}},"loc":{"start":{"line":32,"column":19},"end":{"line":32,"column":29}},"line":32},"4":{"name":"(anonymous_4)","decl":{"start":{"line":33,"column":12},"end":{"line":33,"column":13}},"loc":{"start":{"line":33,"column":19},"end":{"line":43,"column":7}},"line":33},"5":{"name":"(anonymous_5)","decl":{"start":{"line":44,"column":13},"end":{"line":44,"column":14}},"loc":{"start":{"line":44,"column":20},"end":{"line":44,"column":43}},"line":44},"6":{"name":"(anonymous_6)","decl":{"start":{"line":47,"column":27},"end":{"line":47,"column":28}},"loc":{"start":{"line":47,"column":33},"end":{"line":49,"column":3}},"line":47},"7":{"name":"(anonymous_7)","decl":{"start":{"line":51,"column":12},"end":{"line":51,"column":13}},"loc":{"start":{"line":51,"column":18},"end":{"line":54,"column":3}},"line":51},"8":{"name":"(anonymous_8)","decl":{"start":{"line":69,"column":20},"end":{"line":69,"column":21}},"loc":{"start":{"line":69,"column":26},"end":{"line":69,"column":44}},"line":69},"9":{"name":"(anonymous_9)","decl":{"start":{"line":71,"column":18},"end":{"line":71,"column":19}},"loc":{"start":{"line":72,"column":8},"end":{"line":77,"column":27}},"line":72},"10":{"name":"(anonymous_10)","decl":{"start":{"line":75,"column":19},"end":{"line":75,"column":20}},"loc":{"start":{"line":75,"column":25},"end":{"line":75,"column":75}},"line":75}},"branchMap":{"0":{"loc":{"start":{"line":22,"column":19},"end":{"line":22,"column":31}},"type":"cond-expr","locations":[{"start":{"line":22,"column":23},"end":{"line":22,"column":24}},{"start":{"line":22,"column":27},"end":{"line":22,"column":31}}],"line":22},"1":{"loc":{"start":{"line":24,"column":4},"end":{"line":26,"column":5}},"type":"if","locations":[{"start":{"line":24,"column":4},"end":{"line":26,"column":5}},{"start":{},"end":{}}],"line":24},"2":{"loc":{"start":{"line":34,"column":8},"end":{"line":41,"column":9}},"type":"if","locations":[{"start":{"line":34,"column":8},"end":{"line":41,"column":9}},{"start":{},"end":{}}],"line":34},"3":{"loc":{"start":{"line":35,"column":10},"end":{"line":40,"column":11}},"type":"if","locations":[{"start":{"line":35,"column":10},"end":{"line":40,"column":11}},{"start":{"line":37,"column":17},"end":{"line":40,"column":11}}],"line":35},"4":{"loc":{"start":{"line":56,"column":9},"end":{"line":90,"column":3}},"type":"cond-expr","locations":[{"start":{"line":57,"column":4},"end":{"line":62,"column":6}},{"start":{"line":63,"column":6},"end":{"line":90,"column":3}}],"line":56},"5":{"loc":{"start":{"line":63,"column":6},"end":{"line":90,"column":3}},"type":"cond-expr","locations":[{"start":{"line":64,"column":4},"end":{"line":79,"column":6}},{"start":{"line":81,"column":4},"end":{"line":89,"column":11}}],"line":63}},"s":{"0":2,"1":9,"2":9,"3":9,"4":9,"5":9,"6":9,"7":4,"8":4,"9":3,"10":4,"11":4,"12":4,"13":2,"14":2,"15":0,"16":0,"17":4,"18":0,"19":9,"20":1,"21":9,"22":3,"23":3,"24":9,"25":1,"26":6,"27":0,"28":2},"f":{"0":9,"1":9,"2":4,"3":4,"4":4,"5":0,"6":1,"7":3,"8":1,"9":6,"10":0},"b":{"0":[4,0],"1":[3,1],"2":[2,2],"3":[2,0],"4":[5,4],"5":[3,1]},"_coverageSchema":"1a1c01bbd47fc00a2c39e90264f33305004495a9","hash":"85a8fb6a56e4ff8f5ada5a5f08673b2717dbd86b"}
,"C:\\Users\\Vizz\\Desktop\\AliProjects\\WarehouseItemVerification\\src\\state\\store.js": {"path":"C:\\Users\\Vizz\\Desktop\\AliProjects\\WarehouseItemVerification\\src\\state\\store.js","statementMap":{"0":{"start":{"line":7,"column":22},"end":{"line":10,"column":1}},"1":{"start":{"line":12,"column":25},"end":{"line":15,"column":1}},"2":{"start":{"line":17,"column":21},"end":{"line":24,"column":2}},"3":{"start":{"line":20,"column":4},"end":{"line":23,"column":6}},"4":{"start":{"line":26,"column":25},"end":{"line":28,"column":2}}},"fnMap":{"0":{"name":"(anonymous_0)","decl":{"start":{"line":19,"column":14},"end":{"line":19,"column":15}},"loc":{"start":{"line":20,"column":4},"end":{"line":23,"column":6}},"line":20},"1":{"name":"(anonymous_1)","decl":{"start":{"line":26,"column":51},"end":{"line":26,"column":52}},"loc":{"start":{"line":26,"column":63},"end":{"line":28,"column":1}},"line":26}},"branchMap":{},"s":{"0":1,"1":1,"2":1,"3":1,"4":1},"f":{"0":1,"1":1},"b":{},"_coverageSchema":"1a1c01bbd47fc00a2c39e90264f33305004495a9","hash":"d98efa03ae0e81cbd278d43fc2d9291a209948c1"}
,"C:\\Users\\Vizz\\Desktop\\AliProjects\\WarehouseItemVerification\\src\\state\\actions\\userActions.js": {"path":"C:\\Users\\Vizz\\Desktop\\AliProjects\\WarehouseItemVerification\\src\\state\\actions\\userActions.js","statementMap":{"0":{"start":{"line":1,"column":28},"end":{"line":1,"column":45}},"1":{"start":{"line":2,"column":29},"end":{"line":2,"column":47}},"2":{"start":{"line":3,"column":26},"end":{"line":3,"column":42}},"3":{"start":{"line":6,"column":2},"end":{"line":9,"column":4}},"4":{"start":{"line":13,"column":2},"end":{"line":16,"column":4}},"5":{"start":{"line":20,"column":2},"end":{"line":23,"column":4}}},"fnMap":{"0":{"name":"setTokenAndId","decl":{"start":{"line":5,"column":16},"end":{"line":5,"column":29}},"loc":{"start":{"line":5,"column":39},"end":{"line":10,"column":1}},"line":5},"1":{"name":"setUserInfo","decl":{"start":{"line":12,"column":16},"end":{"line":12,"column":27}},"loc":{"start":{"line":12,"column":38},"end":{"line":17,"column":1}},"line":12},"2":{"name":"setOrders","decl":{"start":{"line":19,"column":16},"end":{"line":19,"column":25}},"loc":{"start":{"line":19,"column":34},"end":{"line":24,"column":1}},"line":19}},"branchMap":{},"s":{"0":5,"1":5,"2":5,"3":1,"4":4,"5":0},"f":{"0":1,"1":4,"2":0},"b":{},"_coverageSchema":"1a1c01bbd47fc00a2c39e90264f33305004495a9","hash":"3c33bd45a9d06a1090e4d26659f025e1efdbe69f"}
,"C:\\Users\\Vizz\\Desktop\\AliProjects\\WarehouseItemVerification\\src\\state\\reducers\\index.js": {"path":"C:\\Users\\Vizz\\Desktop\\AliProjects\\WarehouseItemVerification\\src\\state\\reducers\\index.js","statementMap":{},"fnMap":{},"branchMap":{},"s":{},"f":{},"b":{},"_coverageSchema":"1a1c01bbd47fc00a2c39e90264f33305004495a9","hash":"1970df1de114186075135faf7b5a94ddcb61acec"}
,"C:\\Users\\Vizz\\Desktop\\AliProjects\\WarehouseItemVerification\\src\\state\\reducers\\userReducer.js": {"path":"C:\\Users\\Vizz\\Desktop\\AliProjects\\WarehouseItemVerification\\src\\state\\reducers\\userReducer.js","statementMap":{"0":{"start":{"line":4,"column":21},"end":{"line":7,"column":1}},"1":{"start":{"line":10,"column":2},"end":{"line":39,"column":3}},"2":{"start":{"line":12,"column":6},"end":{"line":20,"column":8}},"3":{"start":{"line":23,"column":6},"end":{"line":29,"column":8}},"4":{"start":{"line":32,"column":6},"end":{"line":35,"column":8}},"5":{"start":{"line":38,"column":6},"end":{"line":38,"column":19}}},"fnMap":{"0":{"name":"userReducer","decl":{"start":{"line":9,"column":9},"end":{"line":9,"column":20}},"loc":{"start":{"line":9,"column":51},"end":{"line":40,"column":1}},"line":9}},"branchMap":{"0":{"loc":{"start":{"line":9,"column":21},"end":{"line":9,"column":41}},"type":"default-arg","locations":[{"start":{"line":9,"column":29},"end":{"line":9,"column":41}}],"line":9},"1":{"loc":{"start":{"line":10,"column":2},"end":{"line":39,"column":3}},"type":"switch","locations":[{"start":{"line":11,"column":4},"end":{"line":21,"column":5}},{"start":{"line":22,"column":4},"end":{"line":30,"column":5}},{"start":{"line":31,"column":4},"end":{"line":36,"column":5}},{"start":{"line":37,"column":4},"end":{"line":38,"column":19}}],"line":10}},"s":{"0":1,"1":3,"2":0,"3":0,"4":0,"5":3},"f":{"0":3},"b":{"0":[3],"1":[0,0,0,3]},"_coverageSchema":"1a1c01bbd47fc00a2c39e90264f33305004495a9","hash":"4d7978171d534fe6e98cd7fee2f149afbcf6876a"}
}
