TN:
SF:App.js
FN:26,(anonymous_0)
FN:27,(anonymous_1)
FN:48,CustomDrawerContent
FN:55,(anonymous_3)
FN:64,(anonymous_4)
FN:65,(anonymous_5)
FN:75,App
FNF:7
FNH:1
FNDA:0,(anonymous_0)
FNDA:0,(anonymous_1)
FNDA:0,CustomDrawerContent
FNDA:0,(anonymous_3)
FNDA:0,(anonymous_4)
FNDA:0,(anonymous_5)
FNDA:1,App
DA:23,1
DA:24,1
DA:26,1
DA:27,0
DA:28,0
DA:29,0
DA:49,0
DA:50,0
DA:56,0
DA:57,0
DA:64,1
DA:65,0
DA:76,1
DA:91,1
LF:14
LH:6
BRDA:30,0,0,0
BRDA:30,0,1,0
BRF:2
BRH:0
end_of_record
TN:
SF:fileTransformer.js
FN:4,(anonymous_0)
FNF:1
FNH:0
FNDA:0,(anonymous_0)
DA:1,1
DA:3,1
DA:5,0
LF:3
LH:2
BRF:0
BRH:0
end_of_record
TN:
SF:helpers\RenderWithRedux.js
FN:7,(anonymous_0)
FNF:1
FNH:1
FNDA:17,(anonymous_0)
DA:5,5
DA:7,5
DA:8,17
DA:10,17
LF:4
LH:4
BRDA:7,0,0,6
BRF:1
BRH:1
end_of_record
TN:
SF:src\components\ItemComponent.js
FN:19,(anonymous_0)
FN:22,(anonymous_1)
FN:28,(anonymous_2)
FN:30,(anonymous_3)
FN:42,(anonymous_4)
FN:46,(anonymous_5)
FN:58,(anonymous_6)
FN:67,(anonymous_7)
FN:86,(anonymous_8)
FN:163,(anonymous_9)
FN:193,(anonymous_10)
FNF:11
FNH:10
FNDA:46,(anonymous_0)
FNDA:46,(anonymous_1)
FNDA:1,(anonymous_2)
FNDA:4,(anonymous_3)
FNDA:19,(anonymous_4)
FNDA:1,(anonymous_5)
FNDA:1,(anonymous_6)
FNDA:0,(anonymous_7)
FNDA:4,(anonymous_8)
FNDA:3,(anonymous_9)
FNDA:3,(anonymous_10)
DA:19,3
DA:20,46
DA:21,46
DA:22,46
DA:23,46
DA:24,46
DA:25,46
DA:26,46
DA:28,46
DA:29,1
DA:30,1
DA:31,4
DA:32,1
DA:34,3
DA:37,1
DA:38,1
DA:39,1
DA:42,46
DA:43,19
DA:46,46
DA:47,1
DA:48,1
DA:59,1
DA:60,1
DA:61,1
DA:63,0
DA:65,1
DA:67,0
DA:70,46
DA:86,4
DA:164,3
DA:165,3
DA:194,3
LF:33
LH:31
BRDA:31,0,0,1
BRDA:31,0,1,3
BRDA:60,1,0,1
BRDA:60,1,1,0
BRDA:110,2,0,11
BRDA:110,2,1,35
BRDA:111,3,0,11
BRDA:111,3,1,35
BRDA:148,4,0,35
BRDA:148,4,1,11
BRDA:149,5,0,35
BRDA:149,5,1,11
BRDA:153,6,0,35
BRDA:153,6,1,11
BRDA:157,7,0,46
BRDA:157,7,1,11
BRDA:176,8,0,46
BRDA:176,8,1,2
BRDA:184,9,0,35
BRDA:184,9,1,11
BRDA:194,10,0,1
BRDA:194,10,1,2
BRDA:196,11,0,1
BRDA:196,11,1,1
BRDA:200,12,0,1
BRDA:200,12,1,45
BRDA:209,13,0,35
BRDA:209,13,1,10
BRF:28
BRH:27
end_of_record
TN:
SF:src\components\OrderComponent.js
FN:6,(anonymous_0)
FN:10,(anonymous_1)
FNF:2
FNH:1
FNDA:11,(anonymous_0)
FNDA:0,(anonymous_1)
DA:6,4
DA:7,11
DA:11,0
DA:32,4
LF:4
LH:3
BRDA:24,0,0,4
BRDA:24,0,1,7
BRDA:25,1,0,4
BRDA:25,1,1,7
BRF:4
BRH:4
end_of_record
TN:
SF:src\screens\Home.js
FN:18,(anonymous_0)
FN:20,(anonymous_1)
FN:29,(anonymous_2)
FN:45,(anonymous_3)
FN:46,(anonymous_4)
FN:58,(anonymous_5)
FN:61,(anonymous_6)
FN:70,(anonymous_7)
FN:71,(anonymous_8)
FN:74,(anonymous_9)
FN:77,(anonymous_10)
FN:83,(anonymous_11)
FN:84,(anonymous_12)
FN:87,(anonymous_13)
FN:90,(anonymous_14)
FN:94,(anonymous_15)
FN:117,(anonymous_16)
FN:124,(anonymous_17)
FN:128,(anonymous_18)
FN:162,(anonymous_19)
FN:163,(anonymous_20)
FN:177,(anonymous_21)
FN:205,(anonymous_22)
FN:206,(anonymous_23)
FNF:24
FNH:14
FNDA:12,(anonymous_0)
FNDA:12,(anonymous_1)
FNDA:3,(anonymous_2)
FNDA:3,(anonymous_3)
FNDA:3,(anonymous_4)
FNDA:0,(anonymous_5)
FNDA:0,(anonymous_6)
FNDA:0,(anonymous_7)
FNDA:0,(anonymous_8)
FNDA:0,(anonymous_9)
FNDA:4,(anonymous_10)
FNDA:4,(anonymous_11)
FNDA:4,(anonymous_12)
FNDA:0,(anonymous_13)
FNDA:0,(anonymous_14)
FNDA:2,(anonymous_15)
FNDA:7,(anonymous_16)
FNDA:4,(anonymous_17)
FNDA:4,(anonymous_18)
FNDA:0,(anonymous_19)
FNDA:0,(anonymous_20)
FNDA:1,(anonymous_21)
FNDA:0,(anonymous_22)
FNDA:4,(anonymous_23)
DA:18,2
DA:19,12
DA:20,12
DA:21,12
DA:22,12
DA:23,12
DA:24,12
DA:25,12
DA:26,12
DA:27,12
DA:29,12
DA:30,3
DA:32,3
DA:33,3
DA:35,0
DA:37,3
DA:45,3
DA:47,3
DA:48,2
DA:49,2
DA:51,0
DA:52,0
DA:55,3
DA:56,3
DA:58,0
DA:61,12
DA:62,0
DA:70,0
DA:72,0
DA:74,0
DA:77,12
DA:78,4
DA:83,4
DA:85,4
DA:87,0
DA:90,12
DA:91,0
DA:94,12
DA:95,2
DA:117,12
DA:118,7
DA:119,3
DA:120,3
DA:124,12
DA:125,4
DA:128,12
DA:129,4
DA:130,0
DA:134,12
DA:162,0
DA:163,0
DA:177,1
DA:205,0
DA:207,4
LF:54
LH:40
BRDA:30,0,0,3
BRDA:30,0,1,0
BRDA:32,1,0,3
BRDA:32,1,1,0
BRDA:47,2,0,2
BRDA:47,2,1,1
BRDA:48,3,0,2
BRDA:48,3,1,0
BRDA:95,4,0,1
BRDA:95,4,1,1
BRDA:118,5,0,3
BRDA:118,5,1,4
BRDA:129,6,0,0
BRDA:129,6,1,4
BRDA:136,7,0,6
BRDA:136,7,1,6
BRDA:151,8,0,6
BRDA:151,8,1,4
BRDA:200,9,0,0
BRDA:200,9,1,6
BRDA:207,10,0,4
BRDA:207,10,1,4
BRF:22
BRH:17
end_of_record
TN:
SF:src\screens\Login.js
FN:14,Login
FN:19,(anonymous_1)
FN:22,(anonymous_2)
FN:28,(anonymous_3)
FN:39,(anonymous_4)
FN:40,(anonymous_5)
FN:49,(anonymous_6)
FN:57,(anonymous_7)
FN:92,(anonymous_8)
FN:95,(anonymous_9)
FN:99,(anonymous_10)
FN:102,(anonymous_11)
FN:107,(anonymous_12)
FNF:13
FNH:8
FNDA:6,Login
FNDA:6,(anonymous_1)
FNDA:4,(anonymous_2)
FNDA:2,(anonymous_3)
FNDA:2,(anonymous_4)
FNDA:2,(anonymous_5)
FNDA:0,(anonymous_6)
FNDA:0,(anonymous_7)
FNDA:1,(anonymous_8)
FNDA:0,(anonymous_9)
FNDA:0,(anonymous_10)
FNDA:0,(anonymous_11)
FNDA:2,(anonymous_12)
DA:15,6
DA:16,6
DA:17,6
DA:18,6
DA:19,6
DA:20,6
DA:22,6
DA:23,4
DA:24,1
DA:28,6
DA:29,2
DA:30,2
DA:31,2
DA:32,2
DA:39,2
DA:41,2
DA:42,1
DA:46,1
DA:49,0
DA:52,6
DA:58,0
DA:92,1
DA:95,0
DA:99,0
DA:102,0
DA:107,2
DA:117,2
LF:27
LH:22
BRDA:23,0,0,1
BRDA:23,0,1,3
BRDA:41,1,0,1
BRDA:41,1,1,1
BRDA:77,2,0,6
BRDA:77,2,1,1
BRF:6
BRH:6
end_of_record
TN:
SF:src\screens\OrderDetail.js
FN:16,(anonymous_0)
FN:17,(anonymous_1)
FN:37,(anonymous_2)
FN:49,(anonymous_3)
FN:54,(anonymous_4)
FN:61,(anonymous_5)
FN:62,(anonymous_6)
FN:70,(anonymous_7)
FN:75,(anonymous_8)
FN:91,(anonymous_9)
FN:92,(anonymous_10)
FN:100,(anonymous_11)
FN:107,(anonymous_12)
FN:113,(anonymous_13)
FN:116,(anonymous_14)
FN:122,(anonymous_15)
FN:126,(anonymous_16)
FN:136,(anonymous_17)
FN:140,(anonymous_18)
FN:145,(anonymous_19)
FN:175,(anonymous_20)
FN:192,(anonymous_21)
FN:231,(anonymous_22)
FN:258,(anonymous_23)
FN:285,(anonymous_24)
FN:326,(anonymous_25)
FNF:26
FNH:17
FNDA:17,(anonymous_0)
FNDA:17,(anonymous_1)
FNDA:2,(anonymous_2)
FNDA:1,(anonymous_3)
FNDA:4,(anonymous_4)
FNDA:4,(anonymous_5)
FNDA:4,(anonymous_6)
FNDA:0,(anonymous_7)
FNDA:1,(anonymous_8)
FNDA:1,(anonymous_9)
FNDA:1,(anonymous_10)
FNDA:0,(anonymous_11)
FNDA:17,(anonymous_12)
FNDA:4,(anonymous_13)
FNDA:0,(anonymous_14)
FNDA:9,(anonymous_15)
FNDA:20,(anonymous_16)
FNDA:0,(anonymous_17)
FNDA:1,(anonymous_18)
FNDA:0,(anonymous_19)
FNDA:0,(anonymous_20)
FNDA:0,(anonymous_21)
FNDA:3,(anonymous_22)
FNDA:36,(anonymous_23)
FNDA:0,(anonymous_24)
FNDA:0,(anonymous_25)
DA:16,2
DA:17,17
DA:18,17
DA:19,17
DA:22,17
DA:23,17
DA:24,17
DA:25,17
DA:26,17
DA:27,17
DA:28,17
DA:29,17
DA:30,17
DA:31,17
DA:32,17
DA:33,17
DA:34,17
DA:35,17
DA:37,17
DA:38,2
DA:39,1
DA:40,1
DA:41,1
DA:42,1
DA:43,1
DA:45,1
DA:49,17
DA:50,1
DA:51,1
DA:54,17
DA:55,4
DA:61,4
DA:63,4
DA:64,4
DA:66,0
DA:68,4
DA:71,0
DA:75,17
DA:76,1
DA:77,1
DA:91,1
DA:93,1
DA:94,1
DA:96,0
DA:98,1
DA:101,0
DA:102,0
DA:103,0
DA:107,17
DA:108,17
DA:109,4
DA:113,17
DA:115,4
DA:116,4
DA:117,0
DA:119,4
DA:122,17
DA:123,9
DA:124,9
DA:125,9
DA:126,9
DA:127,20
DA:128,1
DA:129,1
DA:132,9
DA:136,17
DA:137,0
DA:140,17
DA:141,1
DA:145,17
DA:146,0
DA:147,0
DA:150,17
DA:175,0
DA:193,0
DA:231,3
DA:259,36
DA:286,0
DA:326,0
LF:79
LH:65
BRDA:19,0,0,0
BRDA:19,0,1,17
BRDA:38,1,0,1
BRDA:38,1,1,1
BRDA:63,2,0,4
BRDA:63,2,1,0
BRDA:86,3,0,0
BRDA:86,3,1,1
BRDA:93,4,0,1
BRDA:93,4,1,0
BRDA:108,5,0,4
BRDA:108,5,1,13
BRDA:127,6,0,1
BRDA:127,6,1,19
BRDA:127,7,0,20
BRDA:127,7,1,20
BRDA:150,8,0,8
BRDA:150,8,1,9
BRDA:201,9,0,9
BRDA:201,9,1,1
BRDA:201,9,2,1
BRDA:228,10,0,9
BRDA:228,10,1,6
BRDA:228,10,2,6
BRDA:228,10,3,6
BRDA:257,11,0,0
BRDA:257,11,1,9
BRDA:306,12,0,9
BRDA:306,12,1,1
BRDA:338,13,0,8
BRDA:338,13,1,1
BRDA:343,14,0,0
BRDA:343,14,1,1
BRF:33
BRH:27
end_of_record
TN:
SF:src\screens\ScanItem.js
FN:17,(anonymous_0)
FN:19,(anonymous_1)
FN:26,(anonymous_2)
FN:27,(anonymous_3)
FN:36,(anonymous_4)
FN:48,(anonymous_5)
FN:57,(anonymous_6)
FN:114,(anonymous_7)
FN:141,(anonymous_8)
FNF:9
FNH:0
FNDA:0,(anonymous_0)
FNDA:0,(anonymous_1)
FNDA:0,(anonymous_2)
FNDA:0,(anonymous_3)
FNDA:0,(anonymous_4)
FNDA:0,(anonymous_5)
FNDA:0,(anonymous_6)
FNDA:0,(anonymous_7)
FNDA:0,(anonymous_8)
DA:17,1
DA:18,0
DA:19,0
DA:20,0
DA:21,0
DA:22,0
DA:23,0
DA:24,0
DA:26,0
DA:27,0
DA:28,0
DA:29,0
DA:30,0
DA:32,0
DA:36,0
DA:37,0
DA:38,0
DA:49,0
DA:50,0
DA:51,0
DA:53,0
DA:55,0
DA:57,0
DA:60,0
DA:115,0
DA:116,0
DA:142,0
LF:27
LH:1
BRDA:29,0,0,0
BRDA:29,0,1,0
BRDA:50,1,0,0
BRDA:50,1,1,0
BRDA:100,2,0,0
BRDA:100,2,1,0
BRDA:101,3,0,0
BRDA:101,3,1,0
BRDA:105,4,0,0
BRDA:105,4,1,0
BRDA:109,5,0,0
BRDA:109,5,1,0
BRDA:127,6,0,0
BRDA:127,6,1,0
BRDA:133,7,0,0
BRDA:133,7,1,0
BRDA:142,8,0,0
BRDA:142,8,1,0
BRDA:146,9,0,0
BRDA:146,9,1,0
BRDA:155,10,0,0
BRDA:155,10,1,0
BRF:22
BRH:0
end_of_record
TN:
SF:src\screens\ScanOrder.js
FN:7,(anonymous_0)
FN:8,(anonymous_1)
FN:10,(anonymous_2)
FN:16,(anonymous_3)
FN:17,(anonymous_4)
FN:20,(anonymous_5)
FN:24,(anonymous_6)
FN:25,(anonymous_7)
FNF:8
FNH:0
FNDA:0,(anonymous_0)
FNDA:0,(anonymous_1)
FNDA:0,(anonymous_2)
FNDA:0,(anonymous_3)
FNDA:0,(anonymous_4)
FNDA:0,(anonymous_5)
FNDA:0,(anonymous_6)
FNDA:0,(anonymous_7)
DA:7,1
DA:8,0
DA:10,0
DA:11,0
DA:16,0
DA:18,0
DA:20,0
DA:21,0
DA:24,0
DA:25,0
DA:26,0
DA:27,0
DA:28,0
DA:33,0
DA:34,0
DA:35,0
DA:39,0
LF:17
LH:1
BRDA:26,0,0,0
BRDA:26,0,1,0
BRF:2
BRH:0
end_of_record
TN:
SF:src\screens\VerifiedOrders.js
FN:15,(anonymous_0)
FN:18,(anonymous_1)
FN:21,(anonymous_2)
FN:32,(anonymous_3)
FN:33,(anonymous_4)
FN:44,(anonymous_5)
FN:47,(anonymous_6)
FN:51,(anonymous_7)
FN:69,(anonymous_8)
FN:71,(anonymous_9)
FN:75,(anonymous_10)
FNF:11
FNH:9
FNDA:9,(anonymous_0)
FNDA:9,(anonymous_1)
FNDA:4,(anonymous_2)
FNDA:4,(anonymous_3)
FNDA:4,(anonymous_4)
FNDA:0,(anonymous_5)
FNDA:1,(anonymous_6)
FNDA:3,(anonymous_7)
FNDA:1,(anonymous_8)
FNDA:6,(anonymous_9)
FNDA:0,(anonymous_10)
DA:15,2
DA:16,9
DA:17,9
DA:18,9
DA:19,9
DA:21,9
DA:22,4
DA:24,4
DA:25,3
DA:27,4
DA:32,4
DA:34,4
DA:35,2
DA:36,2
DA:38,0
DA:39,0
DA:42,4
DA:44,0
DA:47,9
DA:48,1
DA:51,9
DA:52,3
DA:53,3
DA:56,9
DA:69,1
DA:72,6
DA:75,0
DA:93,2
LF:28
LH:24
BRDA:22,0,0,4
BRDA:22,0,1,0
BRDA:24,1,0,3
BRDA:24,1,1,1
BRDA:34,2,0,2
BRDA:34,2,1,2
BRDA:35,3,0,2
BRDA:35,3,1,0
BRDA:56,4,0,5
BRDA:56,4,1,4
BRDA:63,5,0,3
BRDA:63,5,1,1
BRF:12
BRH:10
end_of_record
TN:
SF:src\state\store.js
FN:19,(anonymous_0)
FN:26,(anonymous_1)
FNF:2
FNH:2
FNDA:1,(anonymous_0)
FNDA:1,(anonymous_1)
DA:7,1
DA:12,1
DA:17,1
DA:20,1
DA:26,1
LF:5
LH:5
BRF:0
BRH:0
end_of_record
TN:
SF:src\state\actions\userActions.js
FN:5,setTokenAndId
FN:12,setUserInfo
FN:19,setOrders
FNF:3
FNH:2
FNDA:1,setTokenAndId
FNDA:4,setUserInfo
FNDA:0,setOrders
DA:1,5
DA:2,5
DA:3,5
DA:6,1
DA:13,4
DA:20,0
LF:6
LH:5
BRF:0
BRH:0
end_of_record
TN:
SF:src\state\reducers\index.js
FNF:0
FNH:0
LF:0
LH:0
BRF:0
BRH:0
end_of_record
TN:
SF:src\state\reducers\userReducer.js
FN:9,userReducer
FNF:1
FNH:1
FNDA:3,userReducer
DA:4,1
DA:10,3
DA:12,0
DA:23,0
DA:32,0
DA:38,3
LF:6
LH:3
BRDA:9,0,0,3
BRDA:10,1,0,0
BRDA:10,1,1,0
BRDA:10,1,2,0
BRDA:10,1,3,3
BRF:5
BRH:2
end_of_record
